{"/home/z/my-project/apps/backend/src/config/env.ts": {"path":"/home/z/my-project/apps/backend/src/config/env.ts","all":false,"statementMap":{"0":{"start":{"line":1,"column":0},"end":{"line":1,"column":3}},"29":{"start":{"line":30,"column":0},"end":{"line":30,"column":23}},"30":{"start":{"line":31,"column":0},"end":{"line":31,"column":11}},"31":{"start":{"line":32,"column":0},"end":{"line":32,"column":23}},"32":{"start":{"line":33,"column":0},"end":{"line":33,"column":47}},"33":{"start":{"line":34,"column":0},"end":{"line":34,"column":78}},"34":{"start":{"line":35,"column":0},"end":{"line":35,"column":4}},"39":{"start":{"line":40,"column":0},"end":{"line":40,"column":20}},"40":{"start":{"line":41,"column":0},"end":{"line":41,"column":9}},"41":{"start":{"line":42,"column":0},"end":{"line":42,"column":11}},"42":{"start":{"line":43,"column":0},"end":{"line":43,"column":33}},"43":{"start":{"line":44,"column":0},"end":{"line":44,"column":30}},"44":{"start":{"line":45,"column":0},"end":{"line":45,"column":38}},"49":{"start":{"line":50,"column":0},"end":{"line":50,"column":27}},"50":{"start":{"line":51,"column":0},"end":{"line":51,"column":11}},"51":{"start":{"line":52,"column":0},"end":{"line":52,"column":37}},"52":{"start":{"line":53,"column":0},"end":{"line":53,"column":10}},"53":{"start":{"line":54,"column":0},"end":{"line":54,"column":78}},"54":{"start":{"line":55,"column":0},"end":{"line":55,"column":63}},"55":{"start":{"line":56,"column":0},"end":{"line":56,"column":3}},"62":{"start":{"line":63,"column":0},"end":{"line":63,"column":25}},"63":{"start":{"line":64,"column":0},"end":{"line":64,"column":11}},"64":{"start":{"line":65,"column":0},"end":{"line":65,"column":74}},"69":{"start":{"line":70,"column":0},"end":{"line":70,"column":30}},"70":{"start":{"line":71,"column":0},"end":{"line":71,"column":16}},"71":{"start":{"line":72,"column":0},"end":{"line":72,"column":12}},"72":{"start":{"line":73,"column":0},"end":{"line":73,"column":15}},"73":{"start":{"line":74,"column":0},"end":{"line":74,"column":9}},"74":{"start":{"line":75,"column":0},"end":{"line":75,"column":2}},"78":{"start":{"line":79,"column":0},"end":{"line":79,"column":28}},"80":{"start":{"line":81,"column":0},"end":{"line":81,"column":49}},"81":{"start":{"line":82,"column":0},"end":{"line":82,"column":33}},"84":{"start":{"line":85,"column":0},"end":{"line":85,"column":34}},"85":{"start":{"line":86,"column":0},"end":{"line":86,"column":74}},"86":{"start":{"line":87,"column":0},"end":{"line":87,"column":79}},"87":{"start":{"line":88,"column":0},"end":{"line":88,"column":55}},"90":{"start":{"line":91,"column":0},"end":{"line":91,"column":14}},"91":{"start":{"line":92,"column":0},"end":{"line":92,"column":13}},"92":{"start":{"line":93,"column":0},"end":{"line":93,"column":41}},"93":{"start":{"line":94,"column":0},"end":{"line":94,"column":65}},"94":{"start":{"line":95,"column":0},"end":{"line":95,"column":95}},"97":{"start":{"line":98,"column":0},"end":{"line":98,"column":30}},"98":{"start":{"line":99,"column":0},"end":{"line":99,"column":45}},"99":{"start":{"line":100,"column":0},"end":{"line":100,"column":52}},"100":{"start":{"line":101,"column":0},"end":{"line":101,"column":73}},"101":{"start":{"line":102,"column":0},"end":{"line":102,"column":76}},"104":{"start":{"line":105,"column":0},"end":{"line":105,"column":65}},"105":{"start":{"line":106,"column":0},"end":{"line":106,"column":56}},"106":{"start":{"line":107,"column":0},"end":{"line":107,"column":64}},"107":{"start":{"line":108,"column":0},"end":{"line":108,"column":64}},"108":{"start":{"line":109,"column":0},"end":{"line":109,"column":46}},"109":{"start":{"line":110,"column":0},"end":{"line":110,"column":53}},"112":{"start":{"line":113,"column":0},"end":{"line":113,"column":56}},"113":{"start":{"line":114,"column":0},"end":{"line":114,"column":68}},"114":{"start":{"line":115,"column":0},"end":{"line":115,"column":56}},"115":{"start":{"line":116,"column":0},"end":{"line":116,"column":56}},"116":{"start":{"line":117,"column":0},"end":{"line":117,"column":14}},"117":{"start":{"line":118,"column":0},"end":{"line":118,"column":13}},"118":{"start":{"line":119,"column":0},"end":{"line":119,"column":45}},"119":{"start":{"line":120,"column":0},"end":{"line":120,"column":39}},"122":{"start":{"line":123,"column":0},"end":{"line":123,"column":15}},"123":{"start":{"line":124,"column":0},"end":{"line":124,"column":13}},"124":{"start":{"line":125,"column":0},"end":{"line":125,"column":42}},"125":{"start":{"line":126,"column":0},"end":{"line":126,"column":15}},"126":{"start":{"line":127,"column":0},"end":{"line":127,"column":23}},"128":{"start":{"line":129,"column":0},"end":{"line":129,"column":14}},"129":{"start":{"line":130,"column":0},"end":{"line":130,"column":63}},"130":{"start":{"line":131,"column":0},"end":{"line":131,"column":21}},"133":{"start":{"line":134,"column":0},"end":{"line":134,"column":60}},"134":{"start":{"line":135,"column":0},"end":{"line":135,"column":66}},"135":{"start":{"line":136,"column":0},"end":{"line":136,"column":64}},"136":{"start":{"line":137,"column":0},"end":{"line":137,"column":2}},"154":{"start":{"line":155,"column":0},"end":{"line":155,"column":25}},"155":{"start":{"line":156,"column":0},"end":{"line":156,"column":49}},"157":{"start":{"line":158,"column":0},"end":{"line":158,"column":23}},"158":{"start":{"line":159,"column":0},"end":{"line":159,"column":22}},"159":{"start":{"line":160,"column":0},"end":{"line":160,"column":3}},"162":{"start":{"line":163,"column":0},"end":{"line":163,"column":61}},"163":{"start":{"line":164,"column":0},"end":{"line":164,"column":44}},"165":{"start":{"line":166,"column":0},"end":{"line":166,"column":15}},"167":{"start":{"line":168,"column":0},"end":{"line":168,"column":52}},"168":{"start":{"line":169,"column":0},"end":{"line":169,"column":42}},"169":{"start":{"line":170,"column":0},"end":{"line":170,"column":25}},"170":{"start":{"line":171,"column":0},"end":{"line":171,"column":7}},"171":{"start":{"line":172,"column":0},"end":{"line":172,"column":86}},"172":{"start":{"line":173,"column":0},"end":{"line":173,"column":13}},"173":{"start":{"line":174,"column":0},"end":{"line":174,"column":27}},"174":{"start":{"line":175,"column":0},"end":{"line":175,"column":6}},"175":{"start":{"line":176,"column":0},"end":{"line":176,"column":10}},"177":{"start":{"line":178,"column":0},"end":{"line":178,"column":81}},"178":{"start":{"line":179,"column":0},"end":{"line":179,"column":3}},"180":{"start":{"line":181,"column":0},"end":{"line":181,"column":17}},"181":{"start":{"line":182,"column":0},"end":{"line":182,"column":1}},"190":{"start":{"line":191,"column":0},"end":{"line":191,"column":58}},"195":{"start":{"line":196,"column":0},"end":{"line":196,"column":66}},"198":{"start":{"line":199,"column":0},"end":{"line":199,"column":68}},"201":{"start":{"line":202,"column":0},"end":{"line":202,"column":54}},"204":{"start":{"line":205,"column":0},"end":{"line":205,"column":60}},"214":{"start":{"line":215,"column":0},"end":{"line":215,"column":80}},"215":{"start":{"line":216,"column":0},"end":{"line":216,"column":40}},"216":{"start":{"line":217,"column":0},"end":{"line":217,"column":15}},"217":{"start":{"line":218,"column":0},"end":{"line":218,"column":1}},"223":{"start":{"line":224,"column":0},"end":{"line":224,"column":30}},"224":{"start":{"line":225,"column":0},"end":{"line":225,"column":18}},"225":{"start":{"line":226,"column":0},"end":{"line":226,"column":1}}},"s":{"0":1,"29":1,"30":1,"31":1,"32":205,"33":205,"34":205,"39":1,"40":1,"41":1,"42":1,"43":1,"44":1,"49":1,"50":1,"51":1,"52":1,"53":1,"54":1,"55":1,"62":1,"63":1,"64":1,"69":1,"70":1,"71":1,"72":1,"73":1,"74":1,"78":1,"80":1,"81":1,"84":1,"85":1,"86":1,"87":1,"90":1,"91":1,"92":1,"93":1,"94":1,"97":1,"98":1,"99":1,"100":1,"101":1,"104":1,"105":1,"106":1,"107":1,"108":1,"109":1,"112":1,"113":1,"114":1,"115":1,"116":1,"117":1,"118":1,"119":1,"122":1,"123":1,"124":1,"125":1,"126":1,"128":1,"129":1,"130":1,"133":1,"134":1,"135":1,"136":1,"154":10,"155":10,"157":10,"158":6,"159":6,"162":5,"163":10,"165":10,"167":0,"168":0,"169":0,"170":0,"171":0,"172":0,"173":0,"174":0,"175":5,"177":4,"178":4,"180":4,"181":4,"190":1,"195":1,"198":1,"201":1,"204":1,"214":1,"215":31,"216":31,"217":31,"223":1,"224":1,"225":1},"branchMap":{"0":{"type":"branch","line":32,"loc":{"start":{"line":32,"column":13},"end":{"line":35,"column":4}},"locations":[{"start":{"line":32,"column":13},"end":{"line":35,"column":4}}]},"1":{"type":"branch","line":34,"loc":{"start":{"line":34,"column":26},"end":{"line":34,"column":58}},"locations":[{"start":{"line":34,"column":26},"end":{"line":34,"column":58}}]},"2":{"type":"branch","line":34,"loc":{"start":{"line":34,"column":51},"end":{"line":34,"column":78}},"locations":[{"start":{"line":34,"column":51},"end":{"line":34,"column":78}}]},"3":{"type":"branch","line":54,"loc":{"start":{"line":54,"column":4},"end":{"line":54,"column":78}},"locations":[{"start":{"line":54,"column":4},"end":{"line":54,"column":78}}]},"4":{"type":"branch","line":54,"loc":{"start":{"line":54,"column":43},"end":{"line":54,"column":78}},"locations":[{"start":{"line":54,"column":43},"end":{"line":54,"column":78}}]},"5":{"type":"branch","line":155,"loc":{"start":{"line":155,"column":0},"end":{"line":182,"column":1}},"locations":[{"start":{"line":155,"column":0},"end":{"line":182,"column":1}}]},"6":{"type":"branch","line":158,"loc":{"start":{"line":158,"column":22},"end":{"line":163,"column":61}},"locations":[{"start":{"line":158,"column":22},"end":{"line":163,"column":61}}]},"7":{"type":"branch","line":160,"loc":{"start":{"line":160,"column":2},"end":{"line":163,"column":61}},"locations":[{"start":{"line":160,"column":2},"end":{"line":163,"column":61}}]},"8":{"type":"branch","line":160,"loc":{"start":{"line":160,"column":2},"end":{"line":163,"column":48}},"locations":[{"start":{"line":160,"column":2},"end":{"line":163,"column":48}}]},"9":{"type":"branch","line":163,"loc":{"start":{"line":163,"column":43},"end":{"line":163,"column":61}},"locations":[{"start":{"line":163,"column":43},"end":{"line":163,"column":61}}]},"10":{"type":"branch","line":166,"loc":{"start":{"line":166,"column":14},"end":{"line":182,"column":1}},"locations":[{"start":{"line":166,"column":14},"end":{"line":182,"column":1}}]},"11":{"type":"branch","line":166,"loc":{"start":{"line":166,"column":14},"end":{"line":176,"column":9}},"locations":[{"start":{"line":166,"column":14},"end":{"line":176,"column":9}}]},"12":{"type":"branch","line":176,"loc":{"start":{"line":176,"column":2},"end":{"line":182,"column":1}},"locations":[{"start":{"line":176,"column":2},"end":{"line":182,"column":1}}]},"13":{"type":"branch","line":215,"loc":{"start":{"line":215,"column":7},"end":{"line":218,"column":1}},"locations":[{"start":{"line":215,"column":7},"end":{"line":218,"column":1}}]},"14":{"type":"branch","line":224,"loc":{"start":{"line":224,"column":7},"end":{"line":226,"column":1}},"locations":[{"start":{"line":224,"column":7},"end":{"line":226,"column":1}}]}},"b":{"0":[205],"1":[165],"2":[164],"3":[39],"4":[1],"5":[10],"6":[6],"7":[5],"8":[4],"9":[0],"10":[5],"11":[0],"12":[4],"13":[31],"14":[1]},"fnMap":{"0":{"name":"loadEnv","decl":{"start":{"line":155,"column":0},"end":{"line":182,"column":1}},"loc":{"start":{"line":155,"column":0},"end":{"line":182,"column":1}},"line":155},"1":{"name":"_parseForTest","decl":{"start":{"line":215,"column":7},"end":{"line":218,"column":1}},"loc":{"start":{"line":215,"column":7},"end":{"line":218,"column":1}},"line":215},"2":{"name":"_getSchema","decl":{"start":{"line":224,"column":7},"end":{"line":226,"column":1}},"loc":{"start":{"line":224,"column":7},"end":{"line":226,"column":1}},"line":224}},"f":{"0":10,"1":31,"2":1}}
,"/home/z/my-project/apps/backend/src/config/features.ts": {"path":"/home/z/my-project/apps/backend/src/config/features.ts","all":false,"statementMap":{"0":{"start":{"line":1,"column":0},"end":{"line":1,"column":3}},"62":{"start":{"line":63,"column":0},"end":{"line":63,"column":29}},"63":{"start":{"line":64,"column":0},"end":{"line":64,"column":22}},"64":{"start":{"line":65,"column":0},"end":{"line":65,"column":16}},"65":{"start":{"line":66,"column":0},"end":{"line":66,"column":93}},"66":{"start":{"line":67,"column":0},"end":{"line":67,"column":48}},"67":{"start":{"line":68,"column":0},"end":{"line":68,"column":4}},"68":{"start":{"line":69,"column":0},"end":{"line":69,"column":28}},"69":{"start":{"line":70,"column":0},"end":{"line":70,"column":16}},"70":{"start":{"line":71,"column":0},"end":{"line":71,"column":90}},"71":{"start":{"line":72,"column":0},"end":{"line":72,"column":54}},"72":{"start":{"line":73,"column":0},"end":{"line":73,"column":4}},"73":{"start":{"line":74,"column":0},"end":{"line":74,"column":26}},"74":{"start":{"line":75,"column":0},"end":{"line":75,"column":16}},"75":{"start":{"line":76,"column":0},"end":{"line":76,"column":75}},"76":{"start":{"line":77,"column":0},"end":{"line":77,"column":52}},"77":{"start":{"line":78,"column":0},"end":{"line":78,"column":4}},"78":{"start":{"line":79,"column":0},"end":{"line":79,"column":10}},"94":{"start":{"line":95,"column":0},"end":{"line":95,"column":54}},"95":{"start":{"line":96,"column":0},"end":{"line":96,"column":48}},"96":{"start":{"line":97,"column":0},"end":{"line":97,"column":33}},"98":{"start":{"line":99,"column":0},"end":{"line":99,"column":17}},"99":{"start":{"line":100,"column":0},"end":{"line":100,"column":26}},"100":{"start":{"line":101,"column":0},"end":{"line":101,"column":28}},"102":{"start":{"line":103,"column":0},"end":{"line":103,"column":23}},"103":{"start":{"line":104,"column":0},"end":{"line":104,"column":3}},"105":{"start":{"line":106,"column":0},"end":{"line":106,"column":59}},"106":{"start":{"line":107,"column":0},"end":{"line":107,"column":28}},"107":{"start":{"line":108,"column":0},"end":{"line":108,"column":31}},"108":{"start":{"line":109,"column":0},"end":{"line":109,"column":3}},"110":{"start":{"line":111,"column":0},"end":{"line":111,"column":52}},"111":{"start":{"line":112,"column":0},"end":{"line":112,"column":28}},"112":{"start":{"line":113,"column":0},"end":{"line":113,"column":48}},"113":{"start":{"line":114,"column":0},"end":{"line":114,"column":54}},"114":{"start":{"line":115,"column":0},"end":{"line":115,"column":25}},"115":{"start":{"line":116,"column":0},"end":{"line":116,"column":5}},"116":{"start":{"line":117,"column":0},"end":{"line":117,"column":17}},"117":{"start":{"line":118,"column":0},"end":{"line":118,"column":3}},"119":{"start":{"line":120,"column":0},"end":{"line":120,"column":34}},"122":{"start":{"line":123,"column":0},"end":{"line":123,"column":61}},"123":{"start":{"line":124,"column":0},"end":{"line":124,"column":44}},"124":{"start":{"line":125,"column":0},"end":{"line":125,"column":5}},"125":{"start":{"line":126,"column":0},"end":{"line":126,"column":37}},"126":{"start":{"line":127,"column":0},"end":{"line":127,"column":3}},"128":{"start":{"line":129,"column":0},"end":{"line":129,"column":46}},"129":{"start":{"line":130,"column":0},"end":{"line":130,"column":79}},"130":{"start":{"line":131,"column":0},"end":{"line":131,"column":52}},"131":{"start":{"line":132,"column":0},"end":{"line":132,"column":26}},"132":{"start":{"line":133,"column":0},"end":{"line":133,"column":5}},"133":{"start":{"line":134,"column":0},"end":{"line":134,"column":3}},"134":{"start":{"line":135,"column":0},"end":{"line":135,"column":1}},"150":{"start":{"line":151,"column":0},"end":{"line":151,"column":27}},"151":{"start":{"line":152,"column":0},"end":{"line":152,"column":64}},"161":{"start":{"line":162,"column":0},"end":{"line":162,"column":80}},"162":{"start":{"line":163,"column":0},"end":{"line":163,"column":47}},"163":{"start":{"line":164,"column":0},"end":{"line":164,"column":30}},"165":{"start":{"line":166,"column":0},"end":{"line":166,"column":18}},"166":{"start":{"line":167,"column":0},"end":{"line":167,"column":5}},"167":{"start":{"line":168,"column":0},"end":{"line":168,"column":37}},"168":{"start":{"line":169,"column":0},"end":{"line":169,"column":18}},"169":{"start":{"line":170,"column":0},"end":{"line":170,"column":5}},"171":{"start":{"line":172,"column":0},"end":{"line":172,"column":35}},"172":{"start":{"line":173,"column":0},"end":{"line":173,"column":3}},"175":{"start":{"line":176,"column":0},"end":{"line":176,"column":75}},"176":{"start":{"line":177,"column":0},"end":{"line":177,"column":34}},"177":{"start":{"line":178,"column":0},"end":{"line":178,"column":3}},"180":{"start":{"line":181,"column":0},"end":{"line":181,"column":52}},"181":{"start":{"line":182,"column":0},"end":{"line":182,"column":31}},"182":{"start":{"line":183,"column":0},"end":{"line":183,"column":3}},"185":{"start":{"line":186,"column":0},"end":{"line":186,"column":34}},"186":{"start":{"line":187,"column":0},"end":{"line":187,"column":33}},"187":{"start":{"line":188,"column":0},"end":{"line":188,"column":3}},"188":{"start":{"line":189,"column":0},"end":{"line":189,"column":1}},"198":{"start":{"line":199,"column":0},"end":{"line":199,"column":77}},"211":{"start":{"line":212,"column":0},"end":{"line":212,"column":38}},"212":{"start":{"line":213,"column":0},"end":{"line":213,"column":34}},"213":{"start":{"line":214,"column":0},"end":{"line":214,"column":17}},"214":{"start":{"line":215,"column":0},"end":{"line":215,"column":41}},"215":{"start":{"line":216,"column":0},"end":{"line":216,"column":37}},"216":{"start":{"line":217,"column":0},"end":{"line":217,"column":37}},"217":{"start":{"line":218,"column":0},"end":{"line":218,"column":28}},"218":{"start":{"line":219,"column":0},"end":{"line":219,"column":3}},"219":{"start":{"line":220,"column":0},"end":{"line":220,"column":35}},"220":{"start":{"line":221,"column":0},"end":{"line":221,"column":1}}},"s":{"0":1,"62":1,"63":1,"64":1,"65":1,"66":1,"67":1,"68":1,"69":1,"70":1,"71":1,"72":1,"73":1,"74":1,"75":1,"76":1,"77":1,"78":1,"94":1,"95":1,"96":2,"98":1,"99":2,"100":2,"102":2,"103":2,"105":1,"106":9,"107":9,"108":9,"110":1,"111":1,"112":1,"113":1,"114":3,"115":3,"116":1,"117":1,"119":1,"122":5,"123":15,"124":15,"125":5,"126":5,"128":1,"129":10,"130":10,"131":2,"132":2,"133":10,"134":1,"150":1,"151":1,"161":1,"162":18,"163":18,"165":3,"166":3,"167":17,"168":9,"169":9,"171":6,"172":18,"175":1,"176":6,"177":6,"180":1,"181":3,"182":3,"185":1,"186":2,"187":2,"188":1,"198":1,"211":1,"212":15,"213":15,"214":15,"215":15,"216":15,"217":15,"218":15,"219":15,"220":15},"branchMap":{"0":{"type":"branch","line":96,"loc":{"start":{"line":96,"column":19},"end":{"line":97,"column":33}},"locations":[{"start":{"line":96,"column":19},"end":{"line":97,"column":33}}]},"1":{"type":"branch","line":99,"loc":{"start":{"line":99,"column":2},"end":{"line":104,"column":3}},"locations":[{"start":{"line":99,"column":2},"end":{"line":104,"column":3}}]},"2":{"type":"branch","line":106,"loc":{"start":{"line":106,"column":2},"end":{"line":109,"column":3}},"locations":[{"start":{"line":106,"column":2},"end":{"line":109,"column":3}}]},"3":{"type":"branch","line":111,"loc":{"start":{"line":111,"column":2},"end":{"line":118,"column":3}},"locations":[{"start":{"line":111,"column":2},"end":{"line":118,"column":3}}]},"4":{"type":"branch","line":114,"loc":{"start":{"line":114,"column":53},"end":{"line":116,"column":5}},"locations":[{"start":{"line":114,"column":53},"end":{"line":116,"column":5}}]},"5":{"type":"branch","line":120,"loc":{"start":{"line":120,"column":2},"end":{"line":127,"column":3}},"locations":[{"start":{"line":120,"column":2},"end":{"line":127,"column":3}}]},"6":{"type":"branch","line":123,"loc":{"start":{"line":123,"column":60},"end":{"line":125,"column":5}},"locations":[{"start":{"line":123,"column":60},"end":{"line":125,"column":5}}]},"7":{"type":"branch","line":129,"loc":{"start":{"line":129,"column":2},"end":{"line":134,"column":3}},"locations":[{"start":{"line":129,"column":2},"end":{"line":134,"column":3}}]},"8":{"type":"branch","line":130,"loc":{"start":{"line":130,"column":27},"end":{"line":130,"column":79}},"locations":[{"start":{"line":130,"column":27},"end":{"line":130,"column":79}}]},"9":{"type":"branch","line":131,"loc":{"start":{"line":131,"column":51},"end":{"line":133,"column":5}},"locations":[{"start":{"line":131,"column":51},"end":{"line":133,"column":5}}]},"10":{"type":"branch","line":152,"loc":{"start":{"line":152,"column":2},"end":{"line":152,"column":64}},"locations":[{"start":{"line":152,"column":2},"end":{"line":152,"column":64}}]},"11":{"type":"branch","line":162,"loc":{"start":{"line":162,"column":2},"end":{"line":173,"column":3}},"locations":[{"start":{"line":162,"column":2},"end":{"line":173,"column":3}}]},"12":{"type":"branch","line":164,"loc":{"start":{"line":164,"column":29},"end":{"line":167,"column":5}},"locations":[{"start":{"line":164,"column":29},"end":{"line":167,"column":5}}]},"13":{"type":"branch","line":167,"loc":{"start":{"line":167,"column":4},"end":{"line":170,"column":5}},"locations":[{"start":{"line":167,"column":4},"end":{"line":170,"column":5}}]},"14":{"type":"branch","line":167,"loc":{"start":{"line":167,"column":4},"end":{"line":168,"column":36}},"locations":[{"start":{"line":167,"column":4},"end":{"line":168,"column":36}}]},"15":{"type":"branch","line":168,"loc":{"start":{"line":168,"column":36},"end":{"line":170,"column":5}},"locations":[{"start":{"line":168,"column":36},"end":{"line":170,"column":5}}]},"16":{"type":"branch","line":170,"loc":{"start":{"line":170,"column":4},"end":{"line":172,"column":35}},"locations":[{"start":{"line":170,"column":4},"end":{"line":172,"column":35}}]},"17":{"type":"branch","line":176,"loc":{"start":{"line":176,"column":2},"end":{"line":178,"column":3}},"locations":[{"start":{"line":176,"column":2},"end":{"line":178,"column":3}}]},"18":{"type":"branch","line":181,"loc":{"start":{"line":181,"column":2},"end":{"line":183,"column":3}},"locations":[{"start":{"line":181,"column":2},"end":{"line":183,"column":3}}]},"19":{"type":"branch","line":186,"loc":{"start":{"line":186,"column":2},"end":{"line":188,"column":3}},"locations":[{"start":{"line":186,"column":2},"end":{"line":188,"column":3}}]},"20":{"type":"branch","line":212,"loc":{"start":{"line":212,"column":7},"end":{"line":221,"column":1}},"locations":[{"start":{"line":212,"column":7},"end":{"line":221,"column":1}}]},"21":{"type":"branch","line":216,"loc":{"start":{"line":216,"column":9},"end":{"line":216,"column":37}},"locations":[{"start":{"line":216,"column":9},"end":{"line":216,"column":37}}]},"22":{"type":"branch","line":217,"loc":{"start":{"line":217,"column":10},"end":{"line":217,"column":37}},"locations":[{"start":{"line":217,"column":10},"end":{"line":217,"column":37}}]},"23":{"type":"branch","line":218,"loc":{"start":{"line":218,"column":13},"end":{"line":218,"column":28}},"locations":[{"start":{"line":218,"column":13},"end":{"line":218,"column":28}}]}},"b":{"0":[2],"1":[2],"2":[9],"3":[1],"4":[3],"5":[5],"6":[15],"7":[10],"8":[0],"9":[2],"10":[17],"11":[18],"12":[3],"13":[17],"14":[15],"15":[9],"16":[6],"17":[6],"18":[3],"19":[2],"20":[15],"21":[15],"22":[2],"23":[1]},"fnMap":{"0":{"name":"<instance_members_initializer>","decl":{"start":{"line":96,"column":19},"end":{"line":97,"column":33}},"loc":{"start":{"line":96,"column":19},"end":{"line":97,"column":33}},"line":96},"1":{"name":"EnvFlagProvider","decl":{"start":{"line":99,"column":2},"end":{"line":104,"column":3}},"loc":{"start":{"line":99,"column":2},"end":{"line":104,"column":3}},"line":99},"2":{"name":"get","decl":{"start":{"line":106,"column":2},"end":{"line":109,"column":3}},"loc":{"start":{"line":106,"column":2},"end":{"line":109,"column":3}},"line":106},"3":{"name":"list","decl":{"start":{"line":111,"column":2},"end":{"line":118,"column":3}},"loc":{"start":{"line":111,"column":2},"end":{"line":118,"column":3}},"line":111},"4":{"name":"refresh","decl":{"start":{"line":120,"column":2},"end":{"line":127,"column":3}},"loc":{"start":{"line":120,"column":2},"end":{"line":127,"column":3}},"line":120},"5":{"name":"ensureFresh","decl":{"start":{"line":129,"column":2},"end":{"line":134,"column":3}},"loc":{"start":{"line":129,"column":2},"end":{"line":134,"column":3}},"line":129},"6":{"name":"FeatureFlags","decl":{"start":{"line":152,"column":2},"end":{"line":152,"column":64}},"loc":{"start":{"line":152,"column":2},"end":{"line":152,"column":64}},"line":152},"7":{"name":"isEnabled","decl":{"start":{"line":162,"column":2},"end":{"line":173,"column":3}},"loc":{"start":{"line":162,"column":2},"end":{"line":173,"column":3}},"line":162},"8":{"name":"getValue","decl":{"start":{"line":176,"column":2},"end":{"line":178,"column":3}},"loc":{"start":{"line":176,"column":2},"end":{"line":178,"column":3}},"line":176},"9":{"name":"list","decl":{"start":{"line":181,"column":2},"end":{"line":183,"column":3}},"loc":{"start":{"line":181,"column":2},"end":{"line":183,"column":3}},"line":181},"10":{"name":"refresh","decl":{"start":{"line":186,"column":2},"end":{"line":188,"column":3}},"loc":{"start":{"line":186,"column":2},"end":{"line":188,"column":3}},"line":186},"11":{"name":"_makeTestFeatureFlags","decl":{"start":{"line":212,"column":7},"end":{"line":221,"column":1}},"loc":{"start":{"line":212,"column":7},"end":{"line":221,"column":1}},"line":212},"12":{"name":"get","decl":{"start":{"line":216,"column":9},"end":{"line":216,"column":37}},"loc":{"start":{"line":216,"column":9},"end":{"line":216,"column":37}},"line":216},"13":{"name":"list","decl":{"start":{"line":217,"column":10},"end":{"line":217,"column":37}},"loc":{"start":{"line":217,"column":10},"end":{"line":217,"column":37}},"line":217},"14":{"name":"refresh","decl":{"start":{"line":218,"column":13},"end":{"line":218,"column":28}},"loc":{"start":{"line":218,"column":13},"end":{"line":218,"column":28}},"line":218}},"f":{"0":2,"1":2,"2":9,"3":1,"4":5,"5":10,"6":17,"7":18,"8":6,"9":3,"10":2,"11":15,"12":15,"13":2,"14":1}}
,"/home/z/my-project/apps/backend/src/config/secrets.ts": {"path":"/home/z/my-project/apps/backend/src/config/secrets.ts","all":false,"statementMap":{"0":{"start":{"line":1,"column":0},"end":{"line":1,"column":3}},"68":{"start":{"line":69,"column":0},"end":{"line":69,"column":53}},"69":{"start":{"line":70,"column":0},"end":{"line":70,"column":49}},"70":{"start":{"line":71,"column":0},"end":{"line":71,"column":32}},"72":{"start":{"line":73,"column":0},"end":{"line":73,"column":40}},"74":{"start":{"line":75,"column":0},"end":{"line":75,"column":26}},"75":{"start":{"line":76,"column":0},"end":{"line":76,"column":35}},"76":{"start":{"line":77,"column":0},"end":{"line":77,"column":3}},"78":{"start":{"line":79,"column":0},"end":{"line":79,"column":77}},"79":{"start":{"line":80,"column":0},"end":{"line":80,"column":37}},"80":{"start":{"line":81,"column":0},"end":{"line":81,"column":75}},"81":{"start":{"line":82,"column":0},"end":{"line":82,"column":41}},"82":{"start":{"line":83,"column":0},"end":{"line":83,"column":5}},"86":{"start":{"line":87,"column":0},"end":{"line":87,"column":34}},"87":{"start":{"line":88,"column":0},"end":{"line":88,"column":57}},"88":{"start":{"line":89,"column":0},"end":{"line":89,"column":33}},"89":{"start":{"line":90,"column":0},"end":{"line":90,"column":3}},"91":{"start":{"line":92,"column":0},"end":{"line":92,"column":43}},"92":{"start":{"line":93,"column":0},"end":{"line":93,"column":18}},"93":{"start":{"line":94,"column":0},"end":{"line":94,"column":45}},"94":{"start":{"line":95,"column":0},"end":{"line":95,"column":52}},"95":{"start":{"line":96,"column":0},"end":{"line":96,"column":22}},"96":{"start":{"line":97,"column":0},"end":{"line":97,"column":31}},"97":{"start":{"line":98,"column":0},"end":{"line":98,"column":44}},"98":{"start":{"line":99,"column":0},"end":{"line":99,"column":8}},"99":{"start":{"line":100,"column":0},"end":{"line":100,"column":5}},"100":{"start":{"line":101,"column":0},"end":{"line":101,"column":17}},"101":{"start":{"line":102,"column":0},"end":{"line":102,"column":3}},"103":{"start":{"line":104,"column":0},"end":{"line":104,"column":46}},"104":{"start":{"line":105,"column":0},"end":{"line":105,"column":28}},"105":{"start":{"line":106,"column":0},"end":{"line":106,"column":28}},"106":{"start":{"line":107,"column":0},"end":{"line":107,"column":12}},"107":{"start":{"line":108,"column":0},"end":{"line":108,"column":24}},"108":{"start":{"line":109,"column":0},"end":{"line":109,"column":5}},"109":{"start":{"line":110,"column":0},"end":{"line":110,"column":3}},"110":{"start":{"line":111,"column":0},"end":{"line":111,"column":1}},"123":{"start":{"line":124,"column":0},"end":{"line":124,"column":22}},"124":{"start":{"line":125,"column":0},"end":{"line":125,"column":60}},"126":{"start":{"line":127,"column":0},"end":{"line":127,"column":77}},"127":{"start":{"line":128,"column":0},"end":{"line":128,"column":36}},"128":{"start":{"line":129,"column":0},"end":{"line":129,"column":3}},"130":{"start":{"line":131,"column":0},"end":{"line":131,"column":72}},"131":{"start":{"line":132,"column":0},"end":{"line":132,"column":49}},"132":{"start":{"line":133,"column":0},"end":{"line":133,"column":30}},"133":{"start":{"line":134,"column":0},"end":{"line":134,"column":22}},"134":{"start":{"line":135,"column":0},"end":{"line":135,"column":86}},"135":{"start":{"line":136,"column":0},"end":{"line":136,"column":7}},"136":{"start":{"line":137,"column":0},"end":{"line":137,"column":5}},"137":{"start":{"line":138,"column":0},"end":{"line":138,"column":16}},"138":{"start":{"line":139,"column":0},"end":{"line":139,"column":3}},"140":{"start":{"line":141,"column":0},"end":{"line":141,"column":43}},"141":{"start":{"line":142,"column":0},"end":{"line":142,"column":18}},"142":{"start":{"line":143,"column":0},"end":{"line":143,"column":45}},"143":{"start":{"line":144,"column":0},"end":{"line":144,"column":41}},"144":{"start":{"line":145,"column":0},"end":{"line":145,"column":3}},"146":{"start":{"line":147,"column":0},"end":{"line":147,"column":46}},"147":{"start":{"line":148,"column":0},"end":{"line":148,"column":36}},"148":{"start":{"line":149,"column":0},"end":{"line":149,"column":3}},"149":{"start":{"line":150,"column":0},"end":{"line":150,"column":1}},"160":{"start":{"line":161,"column":0},"end":{"line":161,"column":69}},"174":{"start":{"line":175,"column":0},"end":{"line":175,"column":28}},"176":{"start":{"line":177,"column":0},"end":{"line":177,"column":31}},"177":{"start":{"line":178,"column":0},"end":{"line":178,"column":27}},"178":{"start":{"line":179,"column":0},"end":{"line":179,"column":33}},"179":{"start":{"line":180,"column":0},"end":{"line":180,"column":25}},"182":{"start":{"line":183,"column":0},"end":{"line":183,"column":43}},"183":{"start":{"line":184,"column":0},"end":{"line":184,"column":41}},"184":{"start":{"line":185,"column":0},"end":{"line":185,"column":53}},"185":{"start":{"line":186,"column":0},"end":{"line":186,"column":43}},"186":{"start":{"line":187,"column":0},"end":{"line":187,"column":49}},"189":{"start":{"line":190,"column":0},"end":{"line":190,"column":65}},"190":{"start":{"line":191,"column":0},"end":{"line":191,"column":72}},"191":{"start":{"line":192,"column":0},"end":{"line":192,"column":10}},"202":{"start":{"line":203,"column":0},"end":{"line":203,"column":84}},"203":{"start":{"line":204,"column":0},"end":{"line":204,"column":37}},"204":{"start":{"line":205,"column":0},"end":{"line":205,"column":85}},"205":{"start":{"line":206,"column":0},"end":{"line":206,"column":67}},"206":{"start":{"line":207,"column":0},"end":{"line":207,"column":54}},"207":{"start":{"line":208,"column":0},"end":{"line":208,"column":69}},"208":{"start":{"line":209,"column":0},"end":{"line":209,"column":19}},"209":{"start":{"line":210,"column":0},"end":{"line":210,"column":6}},"210":{"start":{"line":211,"column":0},"end":{"line":211,"column":28}},"211":{"start":{"line":212,"column":0},"end":{"line":212,"column":3}},"212":{"start":{"line":213,"column":0},"end":{"line":213,"column":30}},"213":{"start":{"line":214,"column":0},"end":{"line":214,"column":1}}},"s":{"0":1,"68":1,"69":1,"70":2,"72":1,"74":2,"75":2,"76":2,"78":1,"79":9,"80":9,"81":0,"82":0,"86":9,"87":9,"88":9,"89":9,"91":1,"92":1,"93":1,"94":1,"95":1,"96":1,"97":2,"98":1,"99":1,"100":1,"101":1,"103":1,"104":2,"105":1,"106":1,"107":1,"108":1,"109":2,"110":1,"123":1,"124":1,"126":1,"127":9,"128":9,"130":1,"131":5,"132":5,"133":3,"134":3,"135":3,"136":3,"137":2,"138":5,"140":1,"141":4,"142":4,"143":4,"144":4,"146":1,"147":4,"148":4,"149":1,"160":1,"174":1,"176":1,"177":1,"178":1,"179":1,"182":1,"183":1,"184":1,"185":1,"186":1,"189":1,"190":1,"191":1,"202":1,"203":12,"204":12,"205":12,"206":3,"207":3,"208":3,"209":3,"210":12,"211":12,"212":12,"213":12},"branchMap":{"0":{"type":"branch","line":70,"loc":{"start":{"line":70,"column":19},"end":{"line":71,"column":32}},"locations":[{"start":{"line":70,"column":19},"end":{"line":71,"column":32}}]},"1":{"type":"branch","line":73,"loc":{"start":{"line":73,"column":2},"end":{"line":77,"column":3}},"locations":[{"start":{"line":73,"column":2},"end":{"line":77,"column":3}}]},"2":{"type":"branch","line":76,"loc":{"start":{"line":76,"column":26},"end":{"line":76,"column":35}},"locations":[{"start":{"line":76,"column":26},"end":{"line":76,"column":35}}]},"3":{"type":"branch","line":79,"loc":{"start":{"line":79,"column":2},"end":{"line":90,"column":3}},"locations":[{"start":{"line":79,"column":2},"end":{"line":90,"column":3}}]},"4":{"type":"branch","line":81,"loc":{"start":{"line":81,"column":18},"end":{"line":81,"column":74}},"locations":[{"start":{"line":81,"column":18},"end":{"line":81,"column":74}}]},"5":{"type":"branch","line":81,"loc":{"start":{"line":81,"column":74},"end":{"line":83,"column":5}},"locations":[{"start":{"line":81,"column":74},"end":{"line":83,"column":5}}]},"6":{"type":"branch","line":92,"loc":{"start":{"line":92,"column":2},"end":{"line":102,"column":3}},"locations":[{"start":{"line":92,"column":2},"end":{"line":102,"column":3}}]},"7":{"type":"branch","line":97,"loc":{"start":{"line":97,"column":15},"end":{"line":99,"column":7}},"locations":[{"start":{"line":97,"column":15},"end":{"line":99,"column":7}}]},"8":{"type":"branch","line":104,"loc":{"start":{"line":104,"column":2},"end":{"line":110,"column":3}},"locations":[{"start":{"line":104,"column":2},"end":{"line":110,"column":3}}]},"9":{"type":"branch","line":105,"loc":{"start":{"line":105,"column":27},"end":{"line":109,"column":5}},"locations":[{"start":{"line":105,"column":27},"end":{"line":109,"column":5}}]},"10":{"type":"branch","line":125,"loc":{"start":{"line":125,"column":2},"end":{"line":125,"column":60}},"locations":[{"start":{"line":125,"column":2},"end":{"line":125,"column":60}}]},"11":{"type":"branch","line":127,"loc":{"start":{"line":127,"column":2},"end":{"line":129,"column":3}},"locations":[{"start":{"line":127,"column":2},"end":{"line":129,"column":3}}]},"12":{"type":"branch","line":131,"loc":{"start":{"line":131,"column":2},"end":{"line":139,"column":3}},"locations":[{"start":{"line":131,"column":2},"end":{"line":139,"column":3}}]},"13":{"type":"branch","line":133,"loc":{"start":{"line":133,"column":29},"end":{"line":138,"column":16}},"locations":[{"start":{"line":133,"column":29},"end":{"line":138,"column":16}}]},"14":{"type":"branch","line":133,"loc":{"start":{"line":133,"column":29},"end":{"line":137,"column":5}},"locations":[{"start":{"line":133,"column":29},"end":{"line":137,"column":5}}]},"15":{"type":"branch","line":137,"loc":{"start":{"line":137,"column":4},"end":{"line":138,"column":16}},"locations":[{"start":{"line":137,"column":4},"end":{"line":138,"column":16}}]},"16":{"type":"branch","line":141,"loc":{"start":{"line":141,"column":2},"end":{"line":145,"column":3}},"locations":[{"start":{"line":141,"column":2},"end":{"line":145,"column":3}}]},"17":{"type":"branch","line":147,"loc":{"start":{"line":147,"column":2},"end":{"line":149,"column":3}},"locations":[{"start":{"line":147,"column":2},"end":{"line":149,"column":3}}]},"18":{"type":"branch","line":203,"loc":{"start":{"line":203,"column":7},"end":{"line":214,"column":1}},"locations":[{"start":{"line":203,"column":7},"end":{"line":214,"column":1}}]},"19":{"type":"branch","line":205,"loc":{"start":{"line":205,"column":9},"end":{"line":205,"column":85}},"locations":[{"start":{"line":205,"column":9},"end":{"line":205,"column":85}}]},"20":{"type":"branch","line":206,"loc":{"start":{"line":206,"column":13},"end":{"line":210,"column":6}},"locations":[{"start":{"line":206,"column":13},"end":{"line":210,"column":6}}]},"21":{"type":"branch","line":208,"loc":{"start":{"line":208,"column":30},"end":{"line":208,"column":69}},"locations":[{"start":{"line":208,"column":30},"end":{"line":208,"column":69}}]},"22":{"type":"branch","line":211,"loc":{"start":{"line":211,"column":13},"end":{"line":211,"column":28}},"locations":[{"start":{"line":211,"column":13},"end":{"line":211,"column":28}}]}},"b":{"0":[2],"1":[2],"2":[0],"3":[9],"4":[3],"5":[0],"6":[1],"7":[2],"8":[2],"9":[1],"10":[14],"11":[9],"12":[5],"13":[4],"14":[3],"15":[2],"16":[4],"17":[4],"18":[12],"19":[7],"20":[3],"21":[4],"22":[2]},"fnMap":{"0":{"name":"<instance_members_initializer>","decl":{"start":{"line":70,"column":19},"end":{"line":71,"column":32}},"loc":{"start":{"line":70,"column":19},"end":{"line":71,"column":32}},"line":70},"1":{"name":"EnvSecretsProvider","decl":{"start":{"line":73,"column":2},"end":{"line":77,"column":3}},"loc":{"start":{"line":73,"column":2},"end":{"line":77,"column":3}},"line":73},"2":{"name":"get","decl":{"start":{"line":79,"column":2},"end":{"line":90,"column":3}},"loc":{"start":{"line":79,"column":2},"end":{"line":90,"column":3}},"line":79},"3":{"name":"getMany","decl":{"start":{"line":92,"column":2},"end":{"line":102,"column":3}},"loc":{"start":{"line":92,"column":2},"end":{"line":102,"column":3}},"line":92},"4":{"name":"refresh","decl":{"start":{"line":104,"column":2},"end":{"line":110,"column":3}},"loc":{"start":{"line":104,"column":2},"end":{"line":110,"column":3}},"line":104},"5":{"name":"Secrets","decl":{"start":{"line":125,"column":2},"end":{"line":125,"column":60}},"loc":{"start":{"line":125,"column":2},"end":{"line":125,"column":60}},"line":125},"6":{"name":"get","decl":{"start":{"line":127,"column":2},"end":{"line":129,"column":3}},"loc":{"start":{"line":127,"column":2},"end":{"line":129,"column":3}},"line":127},"7":{"name":"getOrThrow","decl":{"start":{"line":131,"column":2},"end":{"line":139,"column":3}},"loc":{"start":{"line":131,"column":2},"end":{"line":139,"column":3}},"line":131},"8":{"name":"getMany","decl":{"start":{"line":141,"column":2},"end":{"line":145,"column":3}},"loc":{"start":{"line":141,"column":2},"end":{"line":145,"column":3}},"line":141},"9":{"name":"refresh","decl":{"start":{"line":147,"column":2},"end":{"line":149,"column":3}},"loc":{"start":{"line":147,"column":2},"end":{"line":149,"column":3}},"line":147},"10":{"name":"_makeTestSecrets","decl":{"start":{"line":203,"column":7},"end":{"line":214,"column":1}},"loc":{"start":{"line":203,"column":7},"end":{"line":214,"column":1}},"line":203},"11":{"name":"get","decl":{"start":{"line":205,"column":9},"end":{"line":205,"column":85}},"loc":{"start":{"line":205,"column":9},"end":{"line":205,"column":85}},"line":205},"12":{"name":"getMany","decl":{"start":{"line":206,"column":13},"end":{"line":210,"column":6}},"loc":{"start":{"line":206,"column":13},"end":{"line":210,"column":6}},"line":206},"13":{"name":"refresh","decl":{"start":{"line":211,"column":13},"end":{"line":211,"column":28}},"loc":{"start":{"line":211,"column":13},"end":{"line":211,"column":28}},"line":211}},"f":{"0":2,"1":2,"2":9,"3":1,"4":2,"5":14,"6":9,"7":5,"8":4,"9":4,"10":12,"11":7,"12":3,"13":2}}
}
