{"/home/z/my-project/apps/backend/src/config/env.ts": {"path":"/home/z/my-project/apps/backend/src/config/env.ts","all":false,"statementMap":{"0":{"start":{"line":1,"column":0},"end":{"line":1,"column":3}},"29":{"start":{"line":30,"column":0},"end":{"line":30,"column":23}},"30":{"start":{"line":31,"column":0},"end":{"line":31,"column":11}},"31":{"start":{"line":32,"column":0},"end":{"line":32,"column":23}},"32":{"start":{"line":33,"column":0},"end":{"line":33,"column":47}},"33":{"start":{"line":34,"column":0},"end":{"line":34,"column":78}},"34":{"start":{"line":35,"column":0},"end":{"line":35,"column":4}},"39":{"start":{"line":40,"column":0},"end":{"line":40,"column":20}},"40":{"start":{"line":41,"column":0},"end":{"line":41,"column":9}},"41":{"start":{"line":42,"column":0},"end":{"line":42,"column":11}},"42":{"start":{"line":43,"column":0},"end":{"line":43,"column":33}},"43":{"start":{"line":44,"column":0},"end":{"line":44,"column":30}},"44":{"start":{"line":45,"column":0},"end":{"line":45,"column":38}},"49":{"start":{"line":50,"column":0},"end":{"line":50,"column":27}},"50":{"start":{"line":51,"column":0},"end":{"line":51,"column":11}},"51":{"start":{"line":52,"column":0},"end":{"line":52,"column":37}},"52":{"start":{"line":53,"column":0},"end":{"line":53,"column":10}},"53":{"start":{"line":54,"column":0},"end":{"line":54,"column":78}},"54":{"start":{"line":55,"column":0},"end":{"line":55,"column":63}},"55":{"start":{"line":56,"column":0},"end":{"line":56,"column":3}},"62":{"start":{"line":63,"column":0},"end":{"line":63,"column":25}},"63":{"start":{"line":64,"column":0},"end":{"line":64,"column":11}},"64":{"start":{"line":65,"column":0},"end":{"line":65,"column":74}},"69":{"start":{"line":70,"column":0},"end":{"line":70,"column":30}},"70":{"start":{"line":71,"column":0},"end":{"line":71,"column":16}},"71":{"start":{"line":72,"column":0},"end":{"line":72,"column":12}},"72":{"start":{"line":73,"column":0},"end":{"line":73,"column":15}},"73":{"start":{"line":74,"column":0},"end":{"line":74,"column":9}},"74":{"start":{"line":75,"column":0},"end":{"line":75,"column":2}},"78":{"start":{"line":79,"column":0},"end":{"line":79,"column":28}},"80":{"start":{"line":81,"column":0},"end":{"line":81,"column":49}},"81":{"start":{"line":82,"column":0},"end":{"line":82,"column":33}},"84":{"start":{"line":85,"column":0},"end":{"line":85,"column":34}},"85":{"start":{"line":86,"column":0},"end":{"line":86,"column":74}},"86":{"start":{"line":87,"column":0},"end":{"line":87,"column":79}},"87":{"start":{"line":88,"column":0},"end":{"line":88,"column":55}},"90":{"start":{"line":91,"column":0},"end":{"line":91,"column":14}},"91":{"start":{"line":92,"column":0},"end":{"line":92,"column":13}},"92":{"start":{"line":93,"column":0},"end":{"line":93,"column":41}},"93":{"start":{"line":94,"column":0},"end":{"line":94,"column":65}},"94":{"start":{"line":95,"column":0},"end":{"line":95,"column":95}},"97":{"start":{"line":98,"column":0},"end":{"line":98,"column":30}},"98":{"start":{"line":99,"column":0},"end":{"line":99,"column":45}},"99":{"start":{"line":100,"column":0},"end":{"line":100,"column":52}},"100":{"start":{"line":101,"column":0},"end":{"line":101,"column":73}},"101":{"start":{"line":102,"column":0},"end":{"line":102,"column":76}},"104":{"start":{"line":105,"column":0},"end":{"line":105,"column":65}},"105":{"start":{"line":106,"column":0},"end":{"line":106,"column":56}},"106":{"start":{"line":107,"column":0},"end":{"line":107,"column":64}},"107":{"start":{"line":108,"column":0},"end":{"line":108,"column":64}},"108":{"start":{"line":109,"column":0},"end":{"line":109,"column":46}},"109":{"start":{"line":110,"column":0},"end":{"line":110,"column":53}},"112":{"start":{"line":113,"column":0},"end":{"line":113,"column":56}},"113":{"start":{"line":114,"column":0},"end":{"line":114,"column":68}},"114":{"start":{"line":115,"column":0},"end":{"line":115,"column":56}},"115":{"start":{"line":116,"column":0},"end":{"line":116,"column":56}},"116":{"start":{"line":117,"column":0},"end":{"line":117,"column":14}},"117":{"start":{"line":118,"column":0},"end":{"line":118,"column":13}},"118":{"start":{"line":119,"column":0},"end":{"line":119,"column":45}},"119":{"start":{"line":120,"column":0},"end":{"line":120,"column":39}},"122":{"start":{"line":123,"column":0},"end":{"line":123,"column":15}},"123":{"start":{"line":124,"column":0},"end":{"line":124,"column":13}},"124":{"start":{"line":125,"column":0},"end":{"line":125,"column":42}},"125":{"start":{"line":126,"column":0},"end":{"line":126,"column":15}},"126":{"start":{"line":127,"column":0},"end":{"line":127,"column":23}},"128":{"start":{"line":129,"column":0},"end":{"line":129,"column":14}},"129":{"start":{"line":130,"column":0},"end":{"line":130,"column":63}},"130":{"start":{"line":131,"column":0},"end":{"line":131,"column":21}},"133":{"start":{"line":134,"column":0},"end":{"line":134,"column":60}},"134":{"start":{"line":135,"column":0},"end":{"line":135,"column":66}},"135":{"start":{"line":136,"column":0},"end":{"line":136,"column":64}},"136":{"start":{"line":137,"column":0},"end":{"line":137,"column":2}},"154":{"start":{"line":155,"column":0},"end":{"line":155,"column":25}},"155":{"start":{"line":156,"column":0},"end":{"line":156,"column":49}},"157":{"start":{"line":158,"column":0},"end":{"line":158,"column":23}},"158":{"start":{"line":159,"column":0},"end":{"line":159,"column":22}},"159":{"start":{"line":160,"column":0},"end":{"line":160,"column":3}},"162":{"start":{"line":163,"column":0},"end":{"line":163,"column":61}},"163":{"start":{"line":164,"column":0},"end":{"line":164,"column":44}},"165":{"start":{"line":166,"column":0},"end":{"line":166,"column":15}},"167":{"start":{"line":168,"column":0},"end":{"line":168,"column":52}},"168":{"start":{"line":169,"column":0},"end":{"line":169,"column":42}},"169":{"start":{"line":170,"column":0},"end":{"line":170,"column":25}},"170":{"start":{"line":171,"column":0},"end":{"line":171,"column":7}},"171":{"start":{"line":172,"column":0},"end":{"line":172,"column":86}},"172":{"start":{"line":173,"column":0},"end":{"line":173,"column":13}},"173":{"start":{"line":174,"column":0},"end":{"line":174,"column":27}},"174":{"start":{"line":175,"column":0},"end":{"line":175,"column":6}},"175":{"start":{"line":176,"column":0},"end":{"line":176,"column":10}},"177":{"start":{"line":178,"column":0},"end":{"line":178,"column":81}},"178":{"start":{"line":179,"column":0},"end":{"line":179,"column":3}},"180":{"start":{"line":181,"column":0},"end":{"line":181,"column":17}},"181":{"start":{"line":182,"column":0},"end":{"line":182,"column":1}},"190":{"start":{"line":191,"column":0},"end":{"line":191,"column":58}},"195":{"start":{"line":196,"column":0},"end":{"line":196,"column":66}},"198":{"start":{"line":199,"column":0},"end":{"line":199,"column":68}},"201":{"start":{"line":202,"column":0},"end":{"line":202,"column":54}},"204":{"start":{"line":205,"column":0},"end":{"line":205,"column":60}},"214":{"start":{"line":215,"column":0},"end":{"line":215,"column":80}},"215":{"start":{"line":216,"column":0},"end":{"line":216,"column":40}},"216":{"start":{"line":217,"column":0},"end":{"line":217,"column":15}},"217":{"start":{"line":218,"column":0},"end":{"line":218,"column":1}},"223":{"start":{"line":224,"column":0},"end":{"line":224,"column":30}},"224":{"start":{"line":225,"column":0},"end":{"line":225,"column":18}},"225":{"start":{"line":226,"column":0},"end":{"line":226,"column":1}}},"s":{"0":1,"29":1,"30":1,"31":1,"32":230,"33":230,"34":230,"39":1,"40":1,"41":1,"42":1,"43":1,"44":1,"49":1,"50":1,"51":1,"52":1,"53":1,"54":1,"55":1,"62":1,"63":1,"64":1,"69":1,"70":1,"71":1,"72":1,"73":1,"74":1,"78":1,"80":1,"81":1,"84":1,"85":1,"86":1,"87":1,"90":1,"91":1,"92":1,"93":1,"94":1,"97":1,"98":1,"99":1,"100":1,"101":1,"104":1,"105":1,"106":1,"107":1,"108":1,"109":1,"112":1,"113":1,"114":1,"115":1,"116":1,"117":1,"118":1,"119":1,"122":1,"123":1,"124":1,"125":1,"126":1,"128":1,"129":1,"130":1,"133":1,"134":1,"135":1,"136":1,"154":15,"155":15,"157":15,"158":11,"159":11,"162":5,"163":15,"165":15,"167":0,"168":0,"169":0,"170":0,"171":0,"172":0,"173":0,"174":0,"175":5,"177":4,"178":4,"180":4,"181":4,"190":1,"195":1,"198":1,"201":1,"204":1,"214":1,"215":31,"216":31,"217":31,"223":1,"224":1,"225":1},"branchMap":{"0":{"type":"branch","line":32,"loc":{"start":{"line":32,"column":13},"end":{"line":35,"column":4}},"locations":[{"start":{"line":32,"column":13},"end":{"line":35,"column":4}}]},"1":{"type":"branch","line":34,"loc":{"start":{"line":34,"column":26},"end":{"line":34,"column":58}},"locations":[{"start":{"line":34,"column":26},"end":{"line":34,"column":58}}]},"2":{"type":"branch","line":34,"loc":{"start":{"line":34,"column":51},"end":{"line":34,"column":78}},"locations":[{"start":{"line":34,"column":51},"end":{"line":34,"column":78}}]},"3":{"type":"branch","line":54,"loc":{"start":{"line":54,"column":4},"end":{"line":54,"column":78}},"locations":[{"start":{"line":54,"column":4},"end":{"line":54,"column":78}}]},"4":{"type":"branch","line":54,"loc":{"start":{"line":54,"column":43},"end":{"line":54,"column":78}},"locations":[{"start":{"line":54,"column":43},"end":{"line":54,"column":78}}]},"5":{"type":"branch","line":155,"loc":{"start":{"line":155,"column":0},"end":{"line":182,"column":1}},"locations":[{"start":{"line":155,"column":0},"end":{"line":182,"column":1}}]},"6":{"type":"branch","line":158,"loc":{"start":{"line":158,"column":22},"end":{"line":163,"column":61}},"locations":[{"start":{"line":158,"column":22},"end":{"line":163,"column":61}}]},"7":{"type":"branch","line":160,"loc":{"start":{"line":160,"column":2},"end":{"line":163,"column":61}},"locations":[{"start":{"line":160,"column":2},"end":{"line":163,"column":61}}]},"8":{"type":"branch","line":160,"loc":{"start":{"line":160,"column":2},"end":{"line":163,"column":48}},"locations":[{"start":{"line":160,"column":2},"end":{"line":163,"column":48}}]},"9":{"type":"branch","line":163,"loc":{"start":{"line":163,"column":43},"end":{"line":163,"column":61}},"locations":[{"start":{"line":163,"column":43},"end":{"line":163,"column":61}}]},"10":{"type":"branch","line":166,"loc":{"start":{"line":166,"column":14},"end":{"line":182,"column":1}},"locations":[{"start":{"line":166,"column":14},"end":{"line":182,"column":1}}]},"11":{"type":"branch","line":166,"loc":{"start":{"line":166,"column":14},"end":{"line":176,"column":9}},"locations":[{"start":{"line":166,"column":14},"end":{"line":176,"column":9}}]},"12":{"type":"branch","line":176,"loc":{"start":{"line":176,"column":2},"end":{"line":182,"column":1}},"locations":[{"start":{"line":176,"column":2},"end":{"line":182,"column":1}}]},"13":{"type":"branch","line":215,"loc":{"start":{"line":215,"column":7},"end":{"line":218,"column":1}},"locations":[{"start":{"line":215,"column":7},"end":{"line":218,"column":1}}]},"14":{"type":"branch","line":224,"loc":{"start":{"line":224,"column":7},"end":{"line":226,"column":1}},"locations":[{"start":{"line":224,"column":7},"end":{"line":226,"column":1}}]}},"b":{"0":[230],"1":[185],"2":[184],"3":[44],"4":[1],"5":[15],"6":[11],"7":[5],"8":[4],"9":[0],"10":[5],"11":[0],"12":[4],"13":[31],"14":[1]},"fnMap":{"0":{"name":"loadEnv","decl":{"start":{"line":155,"column":0},"end":{"line":182,"column":1}},"loc":{"start":{"line":155,"column":0},"end":{"line":182,"column":1}},"line":155},"1":{"name":"_parseForTest","decl":{"start":{"line":215,"column":7},"end":{"line":218,"column":1}},"loc":{"start":{"line":215,"column":7},"end":{"line":218,"column":1}},"line":215},"2":{"name":"_getSchema","decl":{"start":{"line":224,"column":7},"end":{"line":226,"column":1}},"loc":{"start":{"line":224,"column":7},"end":{"line":226,"column":1}},"line":224}},"f":{"0":15,"1":31,"2":1}}
,"/home/z/my-project/apps/backend/src/config/features.ts": {"path":"/home/z/my-project/apps/backend/src/config/features.ts","all":false,"statementMap":{"0":{"start":{"line":1,"column":0},"end":{"line":1,"column":3}},"62":{"start":{"line":63,"column":0},"end":{"line":63,"column":29}},"63":{"start":{"line":64,"column":0},"end":{"line":64,"column":22}},"64":{"start":{"line":65,"column":0},"end":{"line":65,"column":16}},"65":{"start":{"line":66,"column":0},"end":{"line":66,"column":93}},"66":{"start":{"line":67,"column":0},"end":{"line":67,"column":48}},"67":{"start":{"line":68,"column":0},"end":{"line":68,"column":4}},"68":{"start":{"line":69,"column":0},"end":{"line":69,"column":28}},"69":{"start":{"line":70,"column":0},"end":{"line":70,"column":16}},"70":{"start":{"line":71,"column":0},"end":{"line":71,"column":90}},"71":{"start":{"line":72,"column":0},"end":{"line":72,"column":54}},"72":{"start":{"line":73,"column":0},"end":{"line":73,"column":4}},"73":{"start":{"line":74,"column":0},"end":{"line":74,"column":26}},"74":{"start":{"line":75,"column":0},"end":{"line":75,"column":16}},"75":{"start":{"line":76,"column":0},"end":{"line":76,"column":75}},"76":{"start":{"line":77,"column":0},"end":{"line":77,"column":52}},"77":{"start":{"line":78,"column":0},"end":{"line":78,"column":4}},"78":{"start":{"line":79,"column":0},"end":{"line":79,"column":10}},"94":{"start":{"line":95,"column":0},"end":{"line":95,"column":54}},"95":{"start":{"line":96,"column":0},"end":{"line":96,"column":48}},"96":{"start":{"line":97,"column":0},"end":{"line":97,"column":33}},"98":{"start":{"line":99,"column":0},"end":{"line":99,"column":17}},"99":{"start":{"line":100,"column":0},"end":{"line":100,"column":26}},"100":{"start":{"line":101,"column":0},"end":{"line":101,"column":28}},"102":{"start":{"line":103,"column":0},"end":{"line":103,"column":23}},"103":{"start":{"line":104,"column":0},"end":{"line":104,"column":3}},"105":{"start":{"line":106,"column":0},"end":{"line":106,"column":59}},"106":{"start":{"line":107,"column":0},"end":{"line":107,"column":28}},"107":{"start":{"line":108,"column":0},"end":{"line":108,"column":31}},"108":{"start":{"line":109,"column":0},"end":{"line":109,"column":3}},"110":{"start":{"line":111,"column":0},"end":{"line":111,"column":52}},"111":{"start":{"line":112,"column":0},"end":{"line":112,"column":28}},"112":{"start":{"line":113,"column":0},"end":{"line":113,"column":48}},"113":{"start":{"line":114,"column":0},"end":{"line":114,"column":54}},"114":{"start":{"line":115,"column":0},"end":{"line":115,"column":25}},"115":{"start":{"line":116,"column":0},"end":{"line":116,"column":5}},"116":{"start":{"line":117,"column":0},"end":{"line":117,"column":17}},"117":{"start":{"line":118,"column":0},"end":{"line":118,"column":3}},"119":{"start":{"line":120,"column":0},"end":{"line":120,"column":34}},"122":{"start":{"line":123,"column":0},"end":{"line":123,"column":61}},"123":{"start":{"line":124,"column":0},"end":{"line":124,"column":44}},"124":{"start":{"line":125,"column":0},"end":{"line":125,"column":5}},"125":{"start":{"line":126,"column":0},"end":{"line":126,"column":37}},"126":{"start":{"line":127,"column":0},"end":{"line":127,"column":3}},"128":{"start":{"line":129,"column":0},"end":{"line":129,"column":46}},"129":{"start":{"line":130,"column":0},"end":{"line":130,"column":79}},"130":{"start":{"line":131,"column":0},"end":{"line":131,"column":52}},"131":{"start":{"line":132,"column":0},"end":{"line":132,"column":26}},"132":{"start":{"line":133,"column":0},"end":{"line":133,"column":5}},"133":{"start":{"line":134,"column":0},"end":{"line":134,"column":3}},"134":{"start":{"line":135,"column":0},"end":{"line":135,"column":1}},"150":{"start":{"line":151,"column":0},"end":{"line":151,"column":27}},"151":{"start":{"line":152,"column":0},"end":{"line":152,"column":64}},"161":{"start":{"line":162,"column":0},"end":{"line":162,"column":80}},"162":{"start":{"line":163,"column":0},"end":{"line":163,"column":47}},"163":{"start":{"line":164,"column":0},"end":{"line":164,"column":30}},"165":{"start":{"line":166,"column":0},"end":{"line":166,"column":18}},"166":{"start":{"line":167,"column":0},"end":{"line":167,"column":5}},"167":{"start":{"line":168,"column":0},"end":{"line":168,"column":37}},"168":{"start":{"line":169,"column":0},"end":{"line":169,"column":18}},"169":{"start":{"line":170,"column":0},"end":{"line":170,"column":5}},"171":{"start":{"line":172,"column":0},"end":{"line":172,"column":35}},"172":{"start":{"line":173,"column":0},"end":{"line":173,"column":3}},"175":{"start":{"line":176,"column":0},"end":{"line":176,"column":75}},"176":{"start":{"line":177,"column":0},"end":{"line":177,"column":34}},"177":{"start":{"line":178,"column":0},"end":{"line":178,"column":3}},"180":{"start":{"line":181,"column":0},"end":{"line":181,"column":52}},"181":{"start":{"line":182,"column":0},"end":{"line":182,"column":31}},"182":{"start":{"line":183,"column":0},"end":{"line":183,"column":3}},"185":{"start":{"line":186,"column":0},"end":{"line":186,"column":34}},"186":{"start":{"line":187,"column":0},"end":{"line":187,"column":33}},"187":{"start":{"line":188,"column":0},"end":{"line":188,"column":3}},"188":{"start":{"line":189,"column":0},"end":{"line":189,"column":1}},"198":{"start":{"line":199,"column":0},"end":{"line":199,"column":77}},"211":{"start":{"line":212,"column":0},"end":{"line":212,"column":38}},"212":{"start":{"line":213,"column":0},"end":{"line":213,"column":34}},"213":{"start":{"line":214,"column":0},"end":{"line":214,"column":17}},"214":{"start":{"line":215,"column":0},"end":{"line":215,"column":41}},"215":{"start":{"line":216,"column":0},"end":{"line":216,"column":37}},"216":{"start":{"line":217,"column":0},"end":{"line":217,"column":37}},"217":{"start":{"line":218,"column":0},"end":{"line":218,"column":28}},"218":{"start":{"line":219,"column":0},"end":{"line":219,"column":3}},"219":{"start":{"line":220,"column":0},"end":{"line":220,"column":35}},"220":{"start":{"line":221,"column":0},"end":{"line":221,"column":1}}},"s":{"0":1,"62":1,"63":1,"64":1,"65":1,"66":1,"67":1,"68":1,"69":1,"70":1,"71":1,"72":1,"73":1,"74":1,"75":1,"76":1,"77":1,"78":1,"94":1,"95":1,"96":2,"98":1,"99":2,"100":2,"102":2,"103":2,"105":1,"106":9,"107":9,"108":9,"110":1,"111":1,"112":1,"113":1,"114":3,"115":3,"116":1,"117":1,"119":1,"122":5,"123":15,"124":15,"125":5,"126":5,"128":1,"129":10,"130":10,"131":2,"132":2,"133":10,"134":1,"150":1,"151":1,"161":1,"162":18,"163":18,"165":3,"166":3,"167":17,"168":9,"169":9,"171":6,"172":18,"175":1,"176":6,"177":6,"180":1,"181":3,"182":3,"185":1,"186":2,"187":2,"188":1,"198":1,"211":1,"212":15,"213":15,"214":15,"215":15,"216":15,"217":15,"218":15,"219":15,"220":15},"branchMap":{"0":{"type":"branch","line":96,"loc":{"start":{"line":96,"column":19},"end":{"line":97,"column":33}},"locations":[{"start":{"line":96,"column":19},"end":{"line":97,"column":33}}]},"1":{"type":"branch","line":99,"loc":{"start":{"line":99,"column":2},"end":{"line":104,"column":3}},"locations":[{"start":{"line":99,"column":2},"end":{"line":104,"column":3}}]},"2":{"type":"branch","line":106,"loc":{"start":{"line":106,"column":2},"end":{"line":109,"column":3}},"locations":[{"start":{"line":106,"column":2},"end":{"line":109,"column":3}}]},"3":{"type":"branch","line":111,"loc":{"start":{"line":111,"column":2},"end":{"line":118,"column":3}},"locations":[{"start":{"line":111,"column":2},"end":{"line":118,"column":3}}]},"4":{"type":"branch","line":114,"loc":{"start":{"line":114,"column":53},"end":{"line":116,"column":5}},"locations":[{"start":{"line":114,"column":53},"end":{"line":116,"column":5}}]},"5":{"type":"branch","line":120,"loc":{"start":{"line":120,"column":2},"end":{"line":127,"column":3}},"locations":[{"start":{"line":120,"column":2},"end":{"line":127,"column":3}}]},"6":{"type":"branch","line":123,"loc":{"start":{"line":123,"column":60},"end":{"line":125,"column":5}},"locations":[{"start":{"line":123,"column":60},"end":{"line":125,"column":5}}]},"7":{"type":"branch","line":129,"loc":{"start":{"line":129,"column":2},"end":{"line":134,"column":3}},"locations":[{"start":{"line":129,"column":2},"end":{"line":134,"column":3}}]},"8":{"type":"branch","line":130,"loc":{"start":{"line":130,"column":27},"end":{"line":130,"column":79}},"locations":[{"start":{"line":130,"column":27},"end":{"line":130,"column":79}}]},"9":{"type":"branch","line":131,"loc":{"start":{"line":131,"column":51},"end":{"line":133,"column":5}},"locations":[{"start":{"line":131,"column":51},"end":{"line":133,"column":5}}]},"10":{"type":"branch","line":152,"loc":{"start":{"line":152,"column":2},"end":{"line":152,"column":64}},"locations":[{"start":{"line":152,"column":2},"end":{"line":152,"column":64}}]},"11":{"type":"branch","line":162,"loc":{"start":{"line":162,"column":2},"end":{"line":173,"column":3}},"locations":[{"start":{"line":162,"column":2},"end":{"line":173,"column":3}}]},"12":{"type":"branch","line":164,"loc":{"start":{"line":164,"column":29},"end":{"line":167,"column":5}},"locations":[{"start":{"line":164,"column":29},"end":{"line":167,"column":5}}]},"13":{"type":"branch","line":167,"loc":{"start":{"line":167,"column":4},"end":{"line":170,"column":5}},"locations":[{"start":{"line":167,"column":4},"end":{"line":170,"column":5}}]},"14":{"type":"branch","line":167,"loc":{"start":{"line":167,"column":4},"end":{"line":168,"column":36}},"locations":[{"start":{"line":167,"column":4},"end":{"line":168,"column":36}}]},"15":{"type":"branch","line":168,"loc":{"start":{"line":168,"column":36},"end":{"line":170,"column":5}},"locations":[{"start":{"line":168,"column":36},"end":{"line":170,"column":5}}]},"16":{"type":"branch","line":170,"loc":{"start":{"line":170,"column":4},"end":{"line":172,"column":35}},"locations":[{"start":{"line":170,"column":4},"end":{"line":172,"column":35}}]},"17":{"type":"branch","line":176,"loc":{"start":{"line":176,"column":2},"end":{"line":178,"column":3}},"locations":[{"start":{"line":176,"column":2},"end":{"line":178,"column":3}}]},"18":{"type":"branch","line":181,"loc":{"start":{"line":181,"column":2},"end":{"line":183,"column":3}},"locations":[{"start":{"line":181,"column":2},"end":{"line":183,"column":3}}]},"19":{"type":"branch","line":186,"loc":{"start":{"line":186,"column":2},"end":{"line":188,"column":3}},"locations":[{"start":{"line":186,"column":2},"end":{"line":188,"column":3}}]},"20":{"type":"branch","line":212,"loc":{"start":{"line":212,"column":7},"end":{"line":221,"column":1}},"locations":[{"start":{"line":212,"column":7},"end":{"line":221,"column":1}}]},"21":{"type":"branch","line":216,"loc":{"start":{"line":216,"column":9},"end":{"line":216,"column":37}},"locations":[{"start":{"line":216,"column":9},"end":{"line":216,"column":37}}]},"22":{"type":"branch","line":217,"loc":{"start":{"line":217,"column":10},"end":{"line":217,"column":37}},"locations":[{"start":{"line":217,"column":10},"end":{"line":217,"column":37}}]},"23":{"type":"branch","line":218,"loc":{"start":{"line":218,"column":13},"end":{"line":218,"column":28}},"locations":[{"start":{"line":218,"column":13},"end":{"line":218,"column":28}}]}},"b":{"0":[2],"1":[2],"2":[9],"3":[1],"4":[3],"5":[5],"6":[15],"7":[10],"8":[0],"9":[2],"10":[17],"11":[18],"12":[3],"13":[17],"14":[15],"15":[9],"16":[6],"17":[6],"18":[3],"19":[2],"20":[15],"21":[15],"22":[2],"23":[1]},"fnMap":{"0":{"name":"<instance_members_initializer>","decl":{"start":{"line":96,"column":19},"end":{"line":97,"column":33}},"loc":{"start":{"line":96,"column":19},"end":{"line":97,"column":33}},"line":96},"1":{"name":"EnvFlagProvider","decl":{"start":{"line":99,"column":2},"end":{"line":104,"column":3}},"loc":{"start":{"line":99,"column":2},"end":{"line":104,"column":3}},"line":99},"2":{"name":"get","decl":{"start":{"line":106,"column":2},"end":{"line":109,"column":3}},"loc":{"start":{"line":106,"column":2},"end":{"line":109,"column":3}},"line":106},"3":{"name":"list","decl":{"start":{"line":111,"column":2},"end":{"line":118,"column":3}},"loc":{"start":{"line":111,"column":2},"end":{"line":118,"column":3}},"line":111},"4":{"name":"refresh","decl":{"start":{"line":120,"column":2},"end":{"line":127,"column":3}},"loc":{"start":{"line":120,"column":2},"end":{"line":127,"column":3}},"line":120},"5":{"name":"ensureFresh","decl":{"start":{"line":129,"column":2},"end":{"line":134,"column":3}},"loc":{"start":{"line":129,"column":2},"end":{"line":134,"column":3}},"line":129},"6":{"name":"FeatureFlags","decl":{"start":{"line":152,"column":2},"end":{"line":152,"column":64}},"loc":{"start":{"line":152,"column":2},"end":{"line":152,"column":64}},"line":152},"7":{"name":"isEnabled","decl":{"start":{"line":162,"column":2},"end":{"line":173,"column":3}},"loc":{"start":{"line":162,"column":2},"end":{"line":173,"column":3}},"line":162},"8":{"name":"getValue","decl":{"start":{"line":176,"column":2},"end":{"line":178,"column":3}},"loc":{"start":{"line":176,"column":2},"end":{"line":178,"column":3}},"line":176},"9":{"name":"list","decl":{"start":{"line":181,"column":2},"end":{"line":183,"column":3}},"loc":{"start":{"line":181,"column":2},"end":{"line":183,"column":3}},"line":181},"10":{"name":"refresh","decl":{"start":{"line":186,"column":2},"end":{"line":188,"column":3}},"loc":{"start":{"line":186,"column":2},"end":{"line":188,"column":3}},"line":186},"11":{"name":"_makeTestFeatureFlags","decl":{"start":{"line":212,"column":7},"end":{"line":221,"column":1}},"loc":{"start":{"line":212,"column":7},"end":{"line":221,"column":1}},"line":212},"12":{"name":"get","decl":{"start":{"line":216,"column":9},"end":{"line":216,"column":37}},"loc":{"start":{"line":216,"column":9},"end":{"line":216,"column":37}},"line":216},"13":{"name":"list","decl":{"start":{"line":217,"column":10},"end":{"line":217,"column":37}},"loc":{"start":{"line":217,"column":10},"end":{"line":217,"column":37}},"line":217},"14":{"name":"refresh","decl":{"start":{"line":218,"column":13},"end":{"line":218,"column":28}},"loc":{"start":{"line":218,"column":13},"end":{"line":218,"column":28}},"line":218}},"f":{"0":2,"1":2,"2":9,"3":1,"4":5,"5":10,"6":17,"7":18,"8":6,"9":3,"10":2,"11":15,"12":15,"13":2,"14":1}}
,"/home/z/my-project/apps/backend/src/config/secrets.ts": {"path":"/home/z/my-project/apps/backend/src/config/secrets.ts","all":false,"statementMap":{"0":{"start":{"line":1,"column":0},"end":{"line":1,"column":3}},"68":{"start":{"line":69,"column":0},"end":{"line":69,"column":53}},"69":{"start":{"line":70,"column":0},"end":{"line":70,"column":49}},"70":{"start":{"line":71,"column":0},"end":{"line":71,"column":32}},"72":{"start":{"line":73,"column":0},"end":{"line":73,"column":40}},"74":{"start":{"line":75,"column":0},"end":{"line":75,"column":26}},"75":{"start":{"line":76,"column":0},"end":{"line":76,"column":35}},"76":{"start":{"line":77,"column":0},"end":{"line":77,"column":3}},"78":{"start":{"line":79,"column":0},"end":{"line":79,"column":77}},"79":{"start":{"line":80,"column":0},"end":{"line":80,"column":37}},"80":{"start":{"line":81,"column":0},"end":{"line":81,"column":75}},"81":{"start":{"line":82,"column":0},"end":{"line":82,"column":41}},"82":{"start":{"line":83,"column":0},"end":{"line":83,"column":5}},"86":{"start":{"line":87,"column":0},"end":{"line":87,"column":34}},"87":{"start":{"line":88,"column":0},"end":{"line":88,"column":57}},"88":{"start":{"line":89,"column":0},"end":{"line":89,"column":33}},"89":{"start":{"line":90,"column":0},"end":{"line":90,"column":3}},"91":{"start":{"line":92,"column":0},"end":{"line":92,"column":43}},"92":{"start":{"line":93,"column":0},"end":{"line":93,"column":18}},"93":{"start":{"line":94,"column":0},"end":{"line":94,"column":45}},"94":{"start":{"line":95,"column":0},"end":{"line":95,"column":52}},"95":{"start":{"line":96,"column":0},"end":{"line":96,"column":22}},"96":{"start":{"line":97,"column":0},"end":{"line":97,"column":31}},"97":{"start":{"line":98,"column":0},"end":{"line":98,"column":44}},"98":{"start":{"line":99,"column":0},"end":{"line":99,"column":8}},"99":{"start":{"line":100,"column":0},"end":{"line":100,"column":5}},"100":{"start":{"line":101,"column":0},"end":{"line":101,"column":17}},"101":{"start":{"line":102,"column":0},"end":{"line":102,"column":3}},"103":{"start":{"line":104,"column":0},"end":{"line":104,"column":46}},"104":{"start":{"line":105,"column":0},"end":{"line":105,"column":28}},"105":{"start":{"line":106,"column":0},"end":{"line":106,"column":28}},"106":{"start":{"line":107,"column":0},"end":{"line":107,"column":12}},"107":{"start":{"line":108,"column":0},"end":{"line":108,"column":24}},"108":{"start":{"line":109,"column":0},"end":{"line":109,"column":5}},"109":{"start":{"line":110,"column":0},"end":{"line":110,"column":3}},"110":{"start":{"line":111,"column":0},"end":{"line":111,"column":1}},"123":{"start":{"line":124,"column":0},"end":{"line":124,"column":22}},"124":{"start":{"line":125,"column":0},"end":{"line":125,"column":60}},"126":{"start":{"line":127,"column":0},"end":{"line":127,"column":77}},"127":{"start":{"line":128,"column":0},"end":{"line":128,"column":36}},"128":{"start":{"line":129,"column":0},"end":{"line":129,"column":3}},"130":{"start":{"line":131,"column":0},"end":{"line":131,"column":72}},"131":{"start":{"line":132,"column":0},"end":{"line":132,"column":49}},"132":{"start":{"line":133,"column":0},"end":{"line":133,"column":30}},"133":{"start":{"line":134,"column":0},"end":{"line":134,"column":22}},"134":{"start":{"line":135,"column":0},"end":{"line":135,"column":86}},"135":{"start":{"line":136,"column":0},"end":{"line":136,"column":7}},"136":{"start":{"line":137,"column":0},"end":{"line":137,"column":5}},"137":{"start":{"line":138,"column":0},"end":{"line":138,"column":16}},"138":{"start":{"line":139,"column":0},"end":{"line":139,"column":3}},"140":{"start":{"line":141,"column":0},"end":{"line":141,"column":43}},"141":{"start":{"line":142,"column":0},"end":{"line":142,"column":18}},"142":{"start":{"line":143,"column":0},"end":{"line":143,"column":45}},"143":{"start":{"line":144,"column":0},"end":{"line":144,"column":41}},"144":{"start":{"line":145,"column":0},"end":{"line":145,"column":3}},"146":{"start":{"line":147,"column":0},"end":{"line":147,"column":46}},"147":{"start":{"line":148,"column":0},"end":{"line":148,"column":36}},"148":{"start":{"line":149,"column":0},"end":{"line":149,"column":3}},"149":{"start":{"line":150,"column":0},"end":{"line":150,"column":1}},"160":{"start":{"line":161,"column":0},"end":{"line":161,"column":69}},"174":{"start":{"line":175,"column":0},"end":{"line":175,"column":28}},"176":{"start":{"line":177,"column":0},"end":{"line":177,"column":31}},"177":{"start":{"line":178,"column":0},"end":{"line":178,"column":27}},"178":{"start":{"line":179,"column":0},"end":{"line":179,"column":33}},"179":{"start":{"line":180,"column":0},"end":{"line":180,"column":25}},"182":{"start":{"line":183,"column":0},"end":{"line":183,"column":43}},"183":{"start":{"line":184,"column":0},"end":{"line":184,"column":41}},"184":{"start":{"line":185,"column":0},"end":{"line":185,"column":53}},"185":{"start":{"line":186,"column":0},"end":{"line":186,"column":43}},"186":{"start":{"line":187,"column":0},"end":{"line":187,"column":49}},"189":{"start":{"line":190,"column":0},"end":{"line":190,"column":65}},"190":{"start":{"line":191,"column":0},"end":{"line":191,"column":72}},"191":{"start":{"line":192,"column":0},"end":{"line":192,"column":10}},"202":{"start":{"line":203,"column":0},"end":{"line":203,"column":84}},"203":{"start":{"line":204,"column":0},"end":{"line":204,"column":37}},"204":{"start":{"line":205,"column":0},"end":{"line":205,"column":85}},"205":{"start":{"line":206,"column":0},"end":{"line":206,"column":67}},"206":{"start":{"line":207,"column":0},"end":{"line":207,"column":54}},"207":{"start":{"line":208,"column":0},"end":{"line":208,"column":69}},"208":{"start":{"line":209,"column":0},"end":{"line":209,"column":19}},"209":{"start":{"line":210,"column":0},"end":{"line":210,"column":6}},"210":{"start":{"line":211,"column":0},"end":{"line":211,"column":28}},"211":{"start":{"line":212,"column":0},"end":{"line":212,"column":3}},"212":{"start":{"line":213,"column":0},"end":{"line":213,"column":30}},"213":{"start":{"line":214,"column":0},"end":{"line":214,"column":1}}},"s":{"0":1,"68":1,"69":1,"70":3,"72":1,"74":3,"75":3,"76":3,"78":1,"79":15,"80":15,"81":0,"82":0,"86":15,"87":15,"88":15,"89":15,"91":1,"92":1,"93":1,"94":1,"95":1,"96":1,"97":2,"98":1,"99":1,"100":1,"101":1,"103":1,"104":2,"105":1,"106":1,"107":1,"108":1,"109":2,"110":1,"123":1,"124":1,"126":1,"127":15,"128":15,"130":1,"131":5,"132":5,"133":3,"134":3,"135":3,"136":3,"137":2,"138":5,"140":1,"141":4,"142":4,"143":4,"144":4,"146":1,"147":4,"148":4,"149":1,"160":1,"174":1,"176":1,"177":1,"178":1,"179":1,"182":1,"183":1,"184":1,"185":1,"186":1,"189":1,"190":1,"191":1,"202":1,"203":12,"204":12,"205":12,"206":3,"207":3,"208":3,"209":3,"210":12,"211":12,"212":12,"213":12},"branchMap":{"0":{"type":"branch","line":70,"loc":{"start":{"line":70,"column":19},"end":{"line":71,"column":32}},"locations":[{"start":{"line":70,"column":19},"end":{"line":71,"column":32}}]},"1":{"type":"branch","line":73,"loc":{"start":{"line":73,"column":2},"end":{"line":77,"column":3}},"locations":[{"start":{"line":73,"column":2},"end":{"line":77,"column":3}}]},"2":{"type":"branch","line":76,"loc":{"start":{"line":76,"column":26},"end":{"line":76,"column":35}},"locations":[{"start":{"line":76,"column":26},"end":{"line":76,"column":35}}]},"3":{"type":"branch","line":79,"loc":{"start":{"line":79,"column":2},"end":{"line":90,"column":3}},"locations":[{"start":{"line":79,"column":2},"end":{"line":90,"column":3}}]},"4":{"type":"branch","line":81,"loc":{"start":{"line":81,"column":18},"end":{"line":81,"column":74}},"locations":[{"start":{"line":81,"column":18},"end":{"line":81,"column":74}}]},"5":{"type":"branch","line":81,"loc":{"start":{"line":81,"column":74},"end":{"line":83,"column":5}},"locations":[{"start":{"line":81,"column":74},"end":{"line":83,"column":5}}]},"6":{"type":"branch","line":92,"loc":{"start":{"line":92,"column":2},"end":{"line":102,"column":3}},"locations":[{"start":{"line":92,"column":2},"end":{"line":102,"column":3}}]},"7":{"type":"branch","line":97,"loc":{"start":{"line":97,"column":15},"end":{"line":99,"column":7}},"locations":[{"start":{"line":97,"column":15},"end":{"line":99,"column":7}}]},"8":{"type":"branch","line":104,"loc":{"start":{"line":104,"column":2},"end":{"line":110,"column":3}},"locations":[{"start":{"line":104,"column":2},"end":{"line":110,"column":3}}]},"9":{"type":"branch","line":105,"loc":{"start":{"line":105,"column":27},"end":{"line":109,"column":5}},"locations":[{"start":{"line":105,"column":27},"end":{"line":109,"column":5}}]},"10":{"type":"branch","line":125,"loc":{"start":{"line":125,"column":2},"end":{"line":125,"column":60}},"locations":[{"start":{"line":125,"column":2},"end":{"line":125,"column":60}}]},"11":{"type":"branch","line":127,"loc":{"start":{"line":127,"column":2},"end":{"line":129,"column":3}},"locations":[{"start":{"line":127,"column":2},"end":{"line":129,"column":3}}]},"12":{"type":"branch","line":131,"loc":{"start":{"line":131,"column":2},"end":{"line":139,"column":3}},"locations":[{"start":{"line":131,"column":2},"end":{"line":139,"column":3}}]},"13":{"type":"branch","line":133,"loc":{"start":{"line":133,"column":29},"end":{"line":138,"column":16}},"locations":[{"start":{"line":133,"column":29},"end":{"line":138,"column":16}}]},"14":{"type":"branch","line":133,"loc":{"start":{"line":133,"column":29},"end":{"line":137,"column":5}},"locations":[{"start":{"line":133,"column":29},"end":{"line":137,"column":5}}]},"15":{"type":"branch","line":137,"loc":{"start":{"line":137,"column":4},"end":{"line":138,"column":16}},"locations":[{"start":{"line":137,"column":4},"end":{"line":138,"column":16}}]},"16":{"type":"branch","line":141,"loc":{"start":{"line":141,"column":2},"end":{"line":145,"column":3}},"locations":[{"start":{"line":141,"column":2},"end":{"line":145,"column":3}}]},"17":{"type":"branch","line":147,"loc":{"start":{"line":147,"column":2},"end":{"line":149,"column":3}},"locations":[{"start":{"line":147,"column":2},"end":{"line":149,"column":3}}]},"18":{"type":"branch","line":203,"loc":{"start":{"line":203,"column":7},"end":{"line":214,"column":1}},"locations":[{"start":{"line":203,"column":7},"end":{"line":214,"column":1}}]},"19":{"type":"branch","line":205,"loc":{"start":{"line":205,"column":9},"end":{"line":205,"column":85}},"locations":[{"start":{"line":205,"column":9},"end":{"line":205,"column":85}}]},"20":{"type":"branch","line":206,"loc":{"start":{"line":206,"column":13},"end":{"line":210,"column":6}},"locations":[{"start":{"line":206,"column":13},"end":{"line":210,"column":6}}]},"21":{"type":"branch","line":208,"loc":{"start":{"line":208,"column":30},"end":{"line":208,"column":69}},"locations":[{"start":{"line":208,"column":30},"end":{"line":208,"column":69}}]},"22":{"type":"branch","line":211,"loc":{"start":{"line":211,"column":13},"end":{"line":211,"column":28}},"locations":[{"start":{"line":211,"column":13},"end":{"line":211,"column":28}}]}},"b":{"0":[3],"1":[3],"2":[0],"3":[15],"4":[8],"5":[0],"6":[1],"7":[2],"8":[2],"9":[1],"10":[15],"11":[15],"12":[5],"13":[4],"14":[3],"15":[2],"16":[4],"17":[4],"18":[12],"19":[7],"20":[3],"21":[4],"22":[2]},"fnMap":{"0":{"name":"<instance_members_initializer>","decl":{"start":{"line":70,"column":19},"end":{"line":71,"column":32}},"loc":{"start":{"line":70,"column":19},"end":{"line":71,"column":32}},"line":70},"1":{"name":"EnvSecretsProvider","decl":{"start":{"line":73,"column":2},"end":{"line":77,"column":3}},"loc":{"start":{"line":73,"column":2},"end":{"line":77,"column":3}},"line":73},"2":{"name":"get","decl":{"start":{"line":79,"column":2},"end":{"line":90,"column":3}},"loc":{"start":{"line":79,"column":2},"end":{"line":90,"column":3}},"line":79},"3":{"name":"getMany","decl":{"start":{"line":92,"column":2},"end":{"line":102,"column":3}},"loc":{"start":{"line":92,"column":2},"end":{"line":102,"column":3}},"line":92},"4":{"name":"refresh","decl":{"start":{"line":104,"column":2},"end":{"line":110,"column":3}},"loc":{"start":{"line":104,"column":2},"end":{"line":110,"column":3}},"line":104},"5":{"name":"Secrets","decl":{"start":{"line":125,"column":2},"end":{"line":125,"column":60}},"loc":{"start":{"line":125,"column":2},"end":{"line":125,"column":60}},"line":125},"6":{"name":"get","decl":{"start":{"line":127,"column":2},"end":{"line":129,"column":3}},"loc":{"start":{"line":127,"column":2},"end":{"line":129,"column":3}},"line":127},"7":{"name":"getOrThrow","decl":{"start":{"line":131,"column":2},"end":{"line":139,"column":3}},"loc":{"start":{"line":131,"column":2},"end":{"line":139,"column":3}},"line":131},"8":{"name":"getMany","decl":{"start":{"line":141,"column":2},"end":{"line":145,"column":3}},"loc":{"start":{"line":141,"column":2},"end":{"line":145,"column":3}},"line":141},"9":{"name":"refresh","decl":{"start":{"line":147,"column":2},"end":{"line":149,"column":3}},"loc":{"start":{"line":147,"column":2},"end":{"line":149,"column":3}},"line":147},"10":{"name":"_makeTestSecrets","decl":{"start":{"line":203,"column":7},"end":{"line":214,"column":1}},"loc":{"start":{"line":203,"column":7},"end":{"line":214,"column":1}},"line":203},"11":{"name":"get","decl":{"start":{"line":205,"column":9},"end":{"line":205,"column":85}},"loc":{"start":{"line":205,"column":9},"end":{"line":205,"column":85}},"line":205},"12":{"name":"getMany","decl":{"start":{"line":206,"column":13},"end":{"line":210,"column":6}},"loc":{"start":{"line":206,"column":13},"end":{"line":210,"column":6}},"line":206},"13":{"name":"refresh","decl":{"start":{"line":211,"column":13},"end":{"line":211,"column":28}},"loc":{"start":{"line":211,"column":13},"end":{"line":211,"column":28}},"line":211}},"f":{"0":3,"1":3,"2":15,"3":1,"4":2,"5":15,"6":15,"7":5,"8":4,"9":4,"10":12,"11":7,"12":3,"13":2}}
,"/home/z/my-project/apps/backend/src/core/audit/service.ts": {"path":"/home/z/my-project/apps/backend/src/core/audit/service.ts","all":true,"statementMap":{"0":{"start":{"line":1,"column":0},"end":{"line":1,"column":3}},"46":{"start":{"line":47,"column":0},"end":{"line":47,"column":27}},"50":{"start":{"line":51,"column":0},"end":{"line":51,"column":50}},"51":{"start":{"line":52,"column":0},"end":{"line":52,"column":35}},"53":{"start":{"line":54,"column":0},"end":{"line":54,"column":9}},"54":{"start":{"line":55,"column":0},"end":{"line":55,"column":32}},"55":{"start":{"line":56,"column":0},"end":{"line":56,"column":15}},"56":{"start":{"line":57,"column":0},"end":{"line":57,"column":35}},"57":{"start":{"line":58,"column":0},"end":{"line":58,"column":32}},"58":{"start":{"line":59,"column":0},"end":{"line":59,"column":37}},"59":{"start":{"line":60,"column":0},"end":{"line":60,"column":56}},"60":{"start":{"line":61,"column":0},"end":{"line":61,"column":63}},"61":{"start":{"line":62,"column":0},"end":{"line":62,"column":71}},"62":{"start":{"line":63,"column":0},"end":{"line":63,"column":56}},"63":{"start":{"line":64,"column":0},"end":{"line":64,"column":63}},"64":{"start":{"line":65,"column":0},"end":{"line":65,"column":87}},"65":{"start":{"line":66,"column":0},"end":{"line":66,"column":31}},"66":{"start":{"line":67,"column":0},"end":{"line":67,"column":45}},"67":{"start":{"line":68,"column":0},"end":{"line":68,"column":39}},"68":{"start":{"line":69,"column":0},"end":{"line":69,"column":43}},"69":{"start":{"line":70,"column":0},"end":{"line":70,"column":47}},"70":{"start":{"line":71,"column":0},"end":{"line":71,"column":76}},"71":{"start":{"line":72,"column":0},"end":{"line":72,"column":73}},"72":{"start":{"line":73,"column":0},"end":{"line":73,"column":70}},"73":{"start":{"line":74,"column":0},"end":{"line":74,"column":39}},"74":{"start":{"line":75,"column":0},"end":{"line":75,"column":82}},"75":{"start":{"line":76,"column":0},"end":{"line":76,"column":41}},"76":{"start":{"line":77,"column":0},"end":{"line":77,"column":10}},"77":{"start":{"line":78,"column":0},"end":{"line":78,"column":8}},"78":{"start":{"line":79,"column":0},"end":{"line":79,"column":19}},"79":{"start":{"line":80,"column":0},"end":{"line":80,"column":46}},"80":{"start":{"line":81,"column":0},"end":{"line":81,"column":29}},"81":{"start":{"line":82,"column":0},"end":{"line":82,"column":37}},"82":{"start":{"line":83,"column":0},"end":{"line":83,"column":38}},"83":{"start":{"line":84,"column":0},"end":{"line":84,"column":8}},"84":{"start":{"line":85,"column":0},"end":{"line":85,"column":5}},"85":{"start":{"line":86,"column":0},"end":{"line":86,"column":3}},"90":{"start":{"line":91,"column":0},"end":{"line":91,"column":25}},"91":{"start":{"line":92,"column":0},"end":{"line":92,"column":21}},"92":{"start":{"line":93,"column":0},"end":{"line":93,"column":23}},"93":{"start":{"line":94,"column":0},"end":{"line":94,"column":21}},"94":{"start":{"line":95,"column":0},"end":{"line":95,"column":32}},"95":{"start":{"line":96,"column":0},"end":{"line":96,"column":31}},"96":{"start":{"line":97,"column":0},"end":{"line":97,"column":48}},"97":{"start":{"line":98,"column":0},"end":{"line":98,"column":48}},"98":{"start":{"line":99,"column":0},"end":{"line":99,"column":37}},"99":{"start":{"line":100,"column":0},"end":{"line":100,"column":33}},"100":{"start":{"line":101,"column":0},"end":{"line":101,"column":6}},"101":{"start":{"line":102,"column":0},"end":{"line":102,"column":48}},"102":{"start":{"line":103,"column":0},"end":{"line":103,"column":3}},"107":{"start":{"line":108,"column":0},"end":{"line":108,"column":24}},"108":{"start":{"line":109,"column":0},"end":{"line":109,"column":21}},"109":{"start":{"line":110,"column":0},"end":{"line":110,"column":20}},"110":{"start":{"line":111,"column":0},"end":{"line":111,"column":32}},"111":{"start":{"line":112,"column":0},"end":{"line":112,"column":31}},"112":{"start":{"line":113,"column":0},"end":{"line":113,"column":48}},"113":{"start":{"line":114,"column":0},"end":{"line":114,"column":35}},"114":{"start":{"line":115,"column":0},"end":{"line":115,"column":37}},"115":{"start":{"line":116,"column":0},"end":{"line":116,"column":33}},"116":{"start":{"line":117,"column":0},"end":{"line":117,"column":6}},"117":{"start":{"line":118,"column":0},"end":{"line":118,"column":48}},"118":{"start":{"line":119,"column":0},"end":{"line":119,"column":3}},"123":{"start":{"line":124,"column":0},"end":{"line":124,"column":14}},"124":{"start":{"line":125,"column":0},"end":{"line":125,"column":21}},"125":{"start":{"line":126,"column":0},"end":{"line":126,"column":14}},"133":{"start":{"line":134,"column":0},"end":{"line":134,"column":31}},"134":{"start":{"line":135,"column":0},"end":{"line":135,"column":48}},"135":{"start":{"line":136,"column":0},"end":{"line":136,"column":14}},"136":{"start":{"line":137,"column":0},"end":{"line":137,"column":17}},"137":{"start":{"line":138,"column":0},"end":{"line":138,"column":62}},"138":{"start":{"line":139,"column":0},"end":{"line":139,"column":68}},"139":{"start":{"line":140,"column":0},"end":{"line":140,"column":74}},"140":{"start":{"line":141,"column":0},"end":{"line":141,"column":38}},"141":{"start":{"line":142,"column":0},"end":{"line":142,"column":65}},"142":{"start":{"line":143,"column":0},"end":{"line":143,"column":16}},"143":{"start":{"line":144,"column":0},"end":{"line":144,"column":8}},"144":{"start":{"line":145,"column":0},"end":{"line":145,"column":37}},"145":{"start":{"line":146,"column":0},"end":{"line":146,"column":33}},"146":{"start":{"line":147,"column":0},"end":{"line":147,"column":6}},"147":{"start":{"line":148,"column":0},"end":{"line":148,"column":48}},"148":{"start":{"line":149,"column":0},"end":{"line":149,"column":3}},"149":{"start":{"line":150,"column":0},"end":{"line":150,"column":1}},"153":{"start":{"line":154,"column":0},"end":{"line":154,"column":46}}},"s":{"0":0,"46":0,"50":0,"51":0,"53":0,"54":0,"55":0,"56":0,"57":0,"58":0,"59":0,"60":0,"61":0,"62":0,"63":0,"64":0,"65":0,"66":0,"67":0,"68":0,"69":0,"70":0,"71":0,"72":0,"73":0,"74":0,"75":0,"76":0,"77":0,"78":0,"79":0,"80":0,"81":0,"82":0,"83":0,"84":0,"85":0,"90":0,"91":0,"92":0,"93":0,"94":0,"95":0,"96":0,"97":0,"98":0,"99":0,"100":0,"101":0,"102":0,"107":0,"108":0,"109":0,"110":0,"111":0,"112":0,"113":0,"114":0,"115":0,"116":0,"117":0,"118":0,"123":0,"124":0,"125":0,"133":0,"134":0,"135":0,"136":0,"137":0,"138":0,"139":0,"140":0,"141":0,"142":0,"143":0,"144":0,"145":0,"146":0,"147":0,"148":0,"149":0,"153":0},"branchMap":{"0":{"type":"branch","line":1,"loc":{"start":{"line":1,"column":4701},"end":{"line":154,"column":46}},"locations":[{"start":{"line":1,"column":4701},"end":{"line":154,"column":46}}]}},"b":{"0":[0]},"fnMap":{"0":{"name":"(empty-report)","decl":{"start":{"line":1,"column":4701},"end":{"line":154,"column":46}},"loc":{"start":{"line":1,"column":4701},"end":{"line":154,"column":46}},"line":1}},"f":{"0":0}}
,"/home/z/my-project/apps/backend/src/core/auth/jwt.ts": {"path":"/home/z/my-project/apps/backend/src/core/auth/jwt.ts","all":false,"statementMap":{"0":{"start":{"line":1,"column":0},"end":{"line":1,"column":3}},"39":{"start":{"line":40,"column":0},"end":{"line":40,"column":41}},"45":{"start":{"line":46,"column":0},"end":{"line":46,"column":42}},"46":{"start":{"line":47,"column":0},"end":{"line":47,"column":43}},"47":{"start":{"line":48,"column":0},"end":{"line":48,"column":47}},"48":{"start":{"line":49,"column":0},"end":{"line":49,"column":76}},"49":{"start":{"line":50,"column":0},"end":{"line":50,"column":23}},"50":{"start":{"line":51,"column":0},"end":{"line":51,"column":30}},"51":{"start":{"line":52,"column":0},"end":{"line":52,"column":24}},"52":{"start":{"line":53,"column":0},"end":{"line":53,"column":24}},"53":{"start":{"line":54,"column":0},"end":{"line":54,"column":36}},"54":{"start":{"line":55,"column":0},"end":{"line":55,"column":3}},"55":{"start":{"line":56,"column":0},"end":{"line":56,"column":25}},"56":{"start":{"line":57,"column":0},"end":{"line":57,"column":38}},"57":{"start":{"line":58,"column":0},"end":{"line":58,"column":19}},"58":{"start":{"line":59,"column":0},"end":{"line":59,"column":5}},"59":{"start":{"line":60,"column":0},"end":{"line":60,"column":25}},"60":{"start":{"line":61,"column":0},"end":{"line":61,"column":29}},"61":{"start":{"line":62,"column":0},"end":{"line":62,"column":33}},"62":{"start":{"line":63,"column":0},"end":{"line":63,"column":45}},"63":{"start":{"line":64,"column":0},"end":{"line":64,"column":5}},"64":{"start":{"line":65,"column":0},"end":{"line":65,"column":3}},"65":{"start":{"line":66,"column":0},"end":{"line":66,"column":34}},"66":{"start":{"line":67,"column":0},"end":{"line":67,"column":1}},"68":{"start":{"line":69,"column":0},"end":{"line":69,"column":62}},"69":{"start":{"line":70,"column":0},"end":{"line":70,"column":7}},"70":{"start":{"line":71,"column":0},"end":{"line":71,"column":55}},"71":{"start":{"line":72,"column":0},"end":{"line":72,"column":28}},"72":{"start":{"line":73,"column":0},"end":{"line":73,"column":29}},"73":{"start":{"line":74,"column":0},"end":{"line":74,"column":33}},"74":{"start":{"line":75,"column":0},"end":{"line":75,"column":20}},"75":{"start":{"line":76,"column":0},"end":{"line":76,"column":18}},"76":{"start":{"line":77,"column":0},"end":{"line":77,"column":17}},"77":{"start":{"line":78,"column":0},"end":{"line":78,"column":43}},"78":{"start":{"line":79,"column":0},"end":{"line":79,"column":46}},"79":{"start":{"line":80,"column":0},"end":{"line":80,"column":81}},"80":{"start":{"line":81,"column":0},"end":{"line":81,"column":5}},"81":{"start":{"line":82,"column":0},"end":{"line":82,"column":79}},"82":{"start":{"line":83,"column":0},"end":{"line":83,"column":3}},"83":{"start":{"line":84,"column":0},"end":{"line":84,"column":1}},"91":{"start":{"line":92,"column":0},"end":{"line":92,"column":71}},"92":{"start":{"line":93,"column":0},"end":{"line":93,"column":34}},"93":{"start":{"line":94,"column":0},"end":{"line":94,"column":31}},"94":{"start":{"line":95,"column":0},"end":{"line":95,"column":54}},"95":{"start":{"line":96,"column":0},"end":{"line":96,"column":36}},"96":{"start":{"line":97,"column":0},"end":{"line":97,"column":22}},"97":{"start":{"line":98,"column":0},"end":{"line":98,"column":1}},"99":{"start":{"line":100,"column":0},"end":{"line":100,"column":55}},"100":{"start":{"line":101,"column":0},"end":{"line":101,"column":79}},"101":{"start":{"line":102,"column":0},"end":{"line":102,"column":55}},"102":{"start":{"line":103,"column":0},"end":{"line":103,"column":1}},"106":{"start":{"line":107,"column":0},"end":{"line":107,"column":41}},"112":{"start":{"line":113,"column":0},"end":{"line":113,"column":15}},"113":{"start":{"line":114,"column":0},"end":{"line":114,"column":40}},"114":{"start":{"line":115,"column":0},"end":{"line":115,"column":40}},"116":{"start":{"line":117,"column":0},"end":{"line":117,"column":26}},"117":{"start":{"line":118,"column":0},"end":{"line":118,"column":75}},"119":{"start":{"line":120,"column":0},"end":{"line":120,"column":10}},"120":{"start":{"line":121,"column":0},"end":{"line":121,"column":30}},"121":{"start":{"line":122,"column":0},"end":{"line":122,"column":30}},"122":{"start":{"line":123,"column":0},"end":{"line":123,"column":38}},"123":{"start":{"line":124,"column":0},"end":{"line":124,"column":21}},"124":{"start":{"line":125,"column":0},"end":{"line":125,"column":3}},"125":{"start":{"line":126,"column":0},"end":{"line":126,"column":1}},"133":{"start":{"line":134,"column":0},"end":{"line":134,"column":68}},"135":{"start":{"line":136,"column":0},"end":{"line":136,"column":66}},"136":{"start":{"line":137,"column":0},"end":{"line":137,"column":34}},"138":{"start":{"line":139,"column":0},"end":{"line":139,"column":43}},"139":{"start":{"line":140,"column":0},"end":{"line":140,"column":51}},"140":{"start":{"line":141,"column":0},"end":{"line":141,"column":42}},"141":{"start":{"line":142,"column":0},"end":{"line":142,"column":3}},"142":{"start":{"line":143,"column":0},"end":{"line":143,"column":1}},"144":{"start":{"line":145,"column":0},"end":{"line":145,"column":54}},"145":{"start":{"line":146,"column":0},"end":{"line":146,"column":30}},"146":{"start":{"line":147,"column":0},"end":{"line":147,"column":1}}},"s":{"0":1,"39":1,"45":3,"46":3,"47":3,"48":3,"49":3,"50":3,"51":3,"52":3,"53":3,"54":3,"55":3,"56":3,"57":3,"58":3,"59":3,"60":3,"61":3,"62":3,"63":3,"64":3,"65":3,"66":3,"68":1,"69":3,"70":3,"71":3,"72":3,"73":3,"74":3,"75":3,"76":3,"77":1,"78":1,"79":0,"80":0,"81":1,"82":1,"83":3,"91":1,"92":5,"93":5,"94":5,"95":5,"96":5,"97":5,"99":1,"100":9,"101":9,"102":9,"106":1,"112":1,"113":1,"114":1,"116":1,"117":1,"119":1,"120":1,"121":1,"122":1,"123":1,"124":1,"125":1,"133":1,"135":1,"136":1,"138":1,"139":1,"140":1,"141":1,"142":1,"144":1,"145":2,"146":2},"branchMap":{"0":{"type":"branch","line":40,"loc":{"start":{"line":40,"column":7},"end":{"line":67,"column":1}},"locations":[{"start":{"line":40,"column":7},"end":{"line":67,"column":1}}]},"1":{"type":"branch","line":69,"loc":{"start":{"line":69,"column":7},"end":{"line":84,"column":1}},"locations":[{"start":{"line":69,"column":7},"end":{"line":84,"column":1}}]},"2":{"type":"branch","line":77,"loc":{"start":{"line":77,"column":2},"end":{"line":83,"column":3}},"locations":[{"start":{"line":77,"column":2},"end":{"line":83,"column":3}}]},"3":{"type":"branch","line":79,"loc":{"start":{"line":79,"column":45},"end":{"line":81,"column":5}},"locations":[{"start":{"line":79,"column":45},"end":{"line":81,"column":5}}]},"4":{"type":"branch","line":92,"loc":{"start":{"line":92,"column":7},"end":{"line":98,"column":1}},"locations":[{"start":{"line":92,"column":7},"end":{"line":98,"column":1}}]},"5":{"type":"branch","line":100,"loc":{"start":{"line":100,"column":7},"end":{"line":103,"column":1}},"locations":[{"start":{"line":100,"column":7},"end":{"line":103,"column":1}}]},"6":{"type":"branch","line":107,"loc":{"start":{"line":107,"column":7},"end":{"line":126,"column":1}},"locations":[{"start":{"line":107,"column":7},"end":{"line":126,"column":1}}]},"7":{"type":"branch","line":136,"loc":{"start":{"line":136,"column":7},"end":{"line":143,"column":1}},"locations":[{"start":{"line":136,"column":7},"end":{"line":143,"column":1}}]},"8":{"type":"branch","line":141,"loc":{"start":{"line":141,"column":19},"end":{"line":141,"column":42}},"locations":[{"start":{"line":141,"column":19},"end":{"line":141,"column":42}}]},"9":{"type":"branch","line":145,"loc":{"start":{"line":145,"column":7},"end":{"line":147,"column":1}},"locations":[{"start":{"line":145,"column":7},"end":{"line":147,"column":1}}]}},"b":{"0":[3],"1":[3],"2":[1],"3":[0],"4":[5],"5":[9],"6":[1],"7":[1],"8":[0],"9":[2]},"fnMap":{"0":{"name":"signAccessToken","decl":{"start":{"line":40,"column":7},"end":{"line":67,"column":1}},"loc":{"start":{"line":40,"column":7},"end":{"line":67,"column":1}},"line":40},"1":{"name":"verifyAccessToken","decl":{"start":{"line":69,"column":7},"end":{"line":84,"column":1}},"loc":{"start":{"line":69,"column":7},"end":{"line":84,"column":1}},"line":69},"2":{"name":"generateRefreshToken","decl":{"start":{"line":92,"column":7},"end":{"line":98,"column":1}},"loc":{"start":{"line":92,"column":7},"end":{"line":98,"column":1}},"line":92},"3":{"name":"hashRefreshToken","decl":{"start":{"line":100,"column":7},"end":{"line":103,"column":1}},"loc":{"start":{"line":100,"column":7},"end":{"line":103,"column":1}},"line":100},"4":{"name":"createTokenPair","decl":{"start":{"line":107,"column":7},"end":{"line":126,"column":1}},"loc":{"start":{"line":107,"column":7},"end":{"line":126,"column":1}},"line":107},"5":{"name":"blockToken","decl":{"start":{"line":136,"column":7},"end":{"line":143,"column":1}},"loc":{"start":{"line":136,"column":7},"end":{"line":143,"column":1}},"line":136},"6":{"name":"isTokenBlocked","decl":{"start":{"line":145,"column":7},"end":{"line":147,"column":1}},"loc":{"start":{"line":145,"column":7},"end":{"line":147,"column":1}},"line":145}},"f":{"0":3,"1":3,"2":5,"3":9,"4":1,"5":1,"6":2}}
,"/home/z/my-project/apps/backend/src/core/auth/password.ts": {"path":"/home/z/my-project/apps/backend/src/core/auth/password.ts","all":false,"statementMap":{"0":{"start":{"line":1,"column":0},"end":{"line":1,"column":3}},"14":{"start":{"line":15,"column":0},"end":{"line":15,"column":40}},"15":{"start":{"line":16,"column":0},"end":{"line":16,"column":24}},"16":{"start":{"line":17,"column":0},"end":{"line":17,"column":29}},"17":{"start":{"line":18,"column":0},"end":{"line":18,"column":14}},"18":{"start":{"line":19,"column":0},"end":{"line":19,"column":17}},"19":{"start":{"line":20,"column":0},"end":{"line":20,"column":1}},"32":{"start":{"line":33,"column":0},"end":{"line":33,"column":72}},"33":{"start":{"line":34,"column":0},"end":{"line":34,"column":34}},"34":{"start":{"line":35,"column":0},"end":{"line":35,"column":43}},"35":{"start":{"line":36,"column":0},"end":{"line":36,"column":46}},"36":{"start":{"line":37,"column":0},"end":{"line":37,"column":1}},"46":{"start":{"line":47,"column":0},"end":{"line":47,"column":37}},"47":{"start":{"line":48,"column":0},"end":{"line":48,"column":20}},"48":{"start":{"line":49,"column":0},"end":{"line":49,"column":14}},"49":{"start":{"line":50,"column":0},"end":{"line":50,"column":21}},"50":{"start":{"line":51,"column":0},"end":{"line":51,"column":7}},"51":{"start":{"line":52,"column":0},"end":{"line":52,"column":36}},"52":{"start":{"line":53,"column":0},"end":{"line":53,"column":45}},"53":{"start":{"line":54,"column":0},"end":{"line":54,"column":40}},"54":{"start":{"line":55,"column":0},"end":{"line":55,"column":11}},"56":{"start":{"line":57,"column":0},"end":{"line":57,"column":16}},"57":{"start":{"line":58,"column":0},"end":{"line":58,"column":3}},"58":{"start":{"line":59,"column":0},"end":{"line":59,"column":1}},"64":{"start":{"line":65,"column":0},"end":{"line":65,"column":52}},"67":{"start":{"line":68,"column":0},"end":{"line":68,"column":7}},"70":{"start":{"line":71,"column":0},"end":{"line":71,"column":44}},"71":{"start":{"line":72,"column":0},"end":{"line":72,"column":11}},"72":{"start":{"line":73,"column":0},"end":{"line":73,"column":15}},"73":{"start":{"line":74,"column":0},"end":{"line":74,"column":3}},"74":{"start":{"line":75,"column":0},"end":{"line":75,"column":1}},"78":{"start":{"line":79,"column":0},"end":{"line":79,"column":45}},"79":{"start":{"line":80,"column":0},"end":{"line":80,"column":61}},"80":{"start":{"line":81,"column":0},"end":{"line":81,"column":38}},"82":{"start":{"line":83,"column":0},"end":{"line":83,"column":51}},"83":{"start":{"line":84,"column":0},"end":{"line":84,"column":80}},"84":{"start":{"line":85,"column":0},"end":{"line":85,"column":5}},"85":{"start":{"line":86,"column":0},"end":{"line":86,"column":59}},"86":{"start":{"line":87,"column":0},"end":{"line":87,"column":3}},"87":{"start":{"line":88,"column":0},"end":{"line":88,"column":15}},"88":{"start":{"line":89,"column":0},"end":{"line":89,"column":1}},"98":{"start":{"line":99,"column":0},"end":{"line":99,"column":75}},"99":{"start":{"line":100,"column":0},"end":{"line":100,"column":29}},"101":{"start":{"line":102,"column":0},"end":{"line":102,"column":29}},"102":{"start":{"line":103,"column":0},"end":{"line":103,"column":58}},"103":{"start":{"line":104,"column":0},"end":{"line":104,"column":3}},"104":{"start":{"line":105,"column":0},"end":{"line":105,"column":32}},"105":{"start":{"line":106,"column":0},"end":{"line":106,"column":70}},"106":{"start":{"line":107,"column":0},"end":{"line":107,"column":3}},"107":{"start":{"line":108,"column":0},"end":{"line":108,"column":32}},"108":{"start":{"line":109,"column":0},"end":{"line":109,"column":70}},"109":{"start":{"line":110,"column":0},"end":{"line":110,"column":3}},"110":{"start":{"line":111,"column":0},"end":{"line":111,"column":29}},"111":{"start":{"line":112,"column":0},"end":{"line":112,"column":59}},"112":{"start":{"line":113,"column":0},"end":{"line":113,"column":3}},"113":{"start":{"line":114,"column":0},"end":{"line":114,"column":39}},"114":{"start":{"line":115,"column":0},"end":{"line":115,"column":71}},"115":{"start":{"line":116,"column":0},"end":{"line":116,"column":3}},"118":{"start":{"line":119,"column":0},"end":{"line":119,"column":77}},"119":{"start":{"line":120,"column":0},"end":{"line":120,"column":63}},"120":{"start":{"line":121,"column":0},"end":{"line":121,"column":41}},"121":{"start":{"line":122,"column":0},"end":{"line":122,"column":3}},"123":{"start":{"line":124,"column":0},"end":{"line":124,"column":46}},"124":{"start":{"line":125,"column":0},"end":{"line":125,"column":10}},"125":{"start":{"line":126,"column":0},"end":{"line":126,"column":10}},"126":{"start":{"line":127,"column":0},"end":{"line":127,"column":31}},"127":{"start":{"line":128,"column":0},"end":{"line":128,"column":11}},"128":{"start":{"line":129,"column":0},"end":{"line":129,"column":3}},"129":{"start":{"line":130,"column":0},"end":{"line":130,"column":1}}},"s":{"0":1,"14":1,"15":1,"16":1,"17":1,"18":1,"19":1,"32":4,"33":4,"34":4,"35":4,"36":4,"46":2,"47":2,"48":2,"49":2,"50":2,"51":2,"52":2,"53":2,"54":2,"56":0,"57":0,"58":2,"64":1,"67":0,"70":0,"71":0,"72":0,"73":0,"74":0,"78":6,"79":6,"80":6,"82":6,"83":0,"84":0,"85":6,"86":6,"87":0,"88":0,"98":1,"99":6,"101":6,"102":1,"103":1,"104":6,"105":1,"106":1,"107":6,"108":0,"109":0,"110":6,"111":1,"112":1,"113":6,"114":1,"115":1,"118":6,"119":6,"120":1,"121":1,"123":6,"124":6,"125":6,"126":6,"127":6,"128":6,"129":6},"branchMap":{"0":{"type":"branch","line":33,"loc":{"start":{"line":33,"column":0},"end":{"line":37,"column":1}},"locations":[{"start":{"line":33,"column":0},"end":{"line":37,"column":1}}]},"1":{"type":"branch","line":47,"loc":{"start":{"line":47,"column":0},"end":{"line":59,"column":1}},"locations":[{"start":{"line":47,"column":0},"end":{"line":59,"column":1}}]},"2":{"type":"branch","line":55,"loc":{"start":{"line":55,"column":2},"end":{"line":58,"column":3}},"locations":[{"start":{"line":55,"column":2},"end":{"line":58,"column":3}}]},"3":{"type":"branch","line":79,"loc":{"start":{"line":79,"column":0},"end":{"line":89,"column":1}},"locations":[{"start":{"line":79,"column":0},"end":{"line":89,"column":1}}]},"4":{"type":"branch","line":81,"loc":{"start":{"line":81,"column":7},"end":{"line":81,"column":37}},"locations":[{"start":{"line":81,"column":7},"end":{"line":81,"column":37}}]},"5":{"type":"branch","line":83,"loc":{"start":{"line":83,"column":50},"end":{"line":85,"column":5}},"locations":[{"start":{"line":83,"column":50},"end":{"line":85,"column":5}}]},"6":{"type":"branch","line":87,"loc":{"start":{"line":87,"column":2},"end":{"line":89,"column":1}},"locations":[{"start":{"line":87,"column":2},"end":{"line":89,"column":1}}]},"7":{"type":"branch","line":99,"loc":{"start":{"line":99,"column":7},"end":{"line":130,"column":1}},"locations":[{"start":{"line":99,"column":7},"end":{"line":130,"column":1}}]},"8":{"type":"branch","line":102,"loc":{"start":{"line":102,"column":28},"end":{"line":104,"column":3}},"locations":[{"start":{"line":102,"column":28},"end":{"line":104,"column":3}}]},"9":{"type":"branch","line":105,"loc":{"start":{"line":105,"column":31},"end":{"line":107,"column":3}},"locations":[{"start":{"line":105,"column":31},"end":{"line":107,"column":3}}]},"10":{"type":"branch","line":108,"loc":{"start":{"line":108,"column":31},"end":{"line":110,"column":3}},"locations":[{"start":{"line":108,"column":31},"end":{"line":110,"column":3}}]},"11":{"type":"branch","line":111,"loc":{"start":{"line":111,"column":28},"end":{"line":113,"column":3}},"locations":[{"start":{"line":111,"column":28},"end":{"line":113,"column":3}}]},"12":{"type":"branch","line":114,"loc":{"start":{"line":114,"column":38},"end":{"line":116,"column":3}},"locations":[{"start":{"line":114,"column":38},"end":{"line":116,"column":3}}]},"13":{"type":"branch","line":120,"loc":{"start":{"line":120,"column":62},"end":{"line":122,"column":3}},"locations":[{"start":{"line":120,"column":62},"end":{"line":122,"column":3}}]},"14":{"type":"branch","line":120,"loc":{"start":{"line":120,"column":18},"end":{"line":120,"column":59}},"locations":[{"start":{"line":120,"column":18},"end":{"line":120,"column":59}}]}},"b":{"0":[4],"1":[2],"2":[0],"3":[6],"4":[0],"5":[0],"6":[0],"7":[6],"8":[1],"9":[1],"10":[0],"11":[1],"12":[1],"13":[1],"14":[26]},"fnMap":{"0":{"name":"hashPassword","decl":{"start":{"line":33,"column":0},"end":{"line":37,"column":1}},"loc":{"start":{"line":33,"column":0},"end":{"line":37,"column":1}},"line":33},"1":{"name":"verifyPassword","decl":{"start":{"line":47,"column":0},"end":{"line":59,"column":1}},"loc":{"start":{"line":47,"column":0},"end":{"line":59,"column":1}},"line":47},"2":{"name":"needsRehash","decl":{"start":{"line":65,"column":7},"end":{"line":75,"column":1}},"loc":{"start":{"line":65,"column":7},"end":{"line":75,"column":1}},"line":65},"3":{"name":"getPepper","decl":{"start":{"line":79,"column":0},"end":{"line":89,"column":1}},"loc":{"start":{"line":79,"column":0},"end":{"line":89,"column":1}},"line":79},"4":{"name":"checkPasswordStrength","decl":{"start":{"line":99,"column":7},"end":{"line":130,"column":1}},"loc":{"start":{"line":99,"column":7},"end":{"line":130,"column":1}},"line":99}},"f":{"0":4,"1":2,"2":0,"3":6,"4":6}}
,"/home/z/my-project/apps/backend/src/core/auth/session.ts": {"path":"/home/z/my-project/apps/backend/src/core/auth/session.ts","all":true,"statementMap":{"0":{"start":{"line":1,"column":0},"end":{"line":1,"column":3}},"31":{"start":{"line":32,"column":0},"end":{"line":32,"column":45}},"38":{"start":{"line":39,"column":0},"end":{"line":39,"column":71}},"39":{"start":{"line":40,"column":0},"end":{"line":40,"column":46}},"40":{"start":{"line":41,"column":0},"end":{"line":41,"column":89}},"42":{"start":{"line":43,"column":0},"end":{"line":43,"column":32}},"43":{"start":{"line":44,"column":0},"end":{"line":44,"column":11}},"44":{"start":{"line":45,"column":0},"end":{"line":45,"column":32}},"45":{"start":{"line":46,"column":0},"end":{"line":46,"column":28}},"46":{"start":{"line":47,"column":0},"end":{"line":47,"column":22}},"47":{"start":{"line":48,"column":0},"end":{"line":48,"column":58}},"48":{"start":{"line":49,"column":0},"end":{"line":49,"column":44}},"49":{"start":{"line":50,"column":0},"end":{"line":50,"column":42}},"50":{"start":{"line":51,"column":0},"end":{"line":51,"column":42}},"51":{"start":{"line":52,"column":0},"end":{"line":52,"column":27}},"52":{"start":{"line":53,"column":0},"end":{"line":53,"column":16}},"53":{"start":{"line":54,"column":0},"end":{"line":54,"column":6}},"54":{"start":{"line":55,"column":0},"end":{"line":55,"column":4}},"56":{"start":{"line":57,"column":0},"end":{"line":57,"column":54}},"57":{"start":{"line":58,"column":0},"end":{"line":58,"column":1}},"61":{"start":{"line":62,"column":0},"end":{"line":62,"column":36}},"62":{"start":{"line":63,"column":0},"end":{"line":63,"column":26}},"63":{"start":{"line":64,"column":0},"end":{"line":64,"column":11}},"73":{"start":{"line":74,"column":0},"end":{"line":74,"column":4}},"74":{"start":{"line":75,"column":0},"end":{"line":75,"column":53}},"77":{"start":{"line":78,"column":0},"end":{"line":78,"column":53}},"78":{"start":{"line":79,"column":0},"end":{"line":79,"column":25}},"79":{"start":{"line":80,"column":0},"end":{"line":80,"column":4}},"81":{"start":{"line":82,"column":0},"end":{"line":82,"column":18}},"82":{"start":{"line":83,"column":0},"end":{"line":83,"column":88}},"83":{"start":{"line":84,"column":0},"end":{"line":84,"column":3}},"86":{"start":{"line":87,"column":0},"end":{"line":87,"column":27}},"89":{"start":{"line":90,"column":0},"end":{"line":90,"column":38}},"90":{"start":{"line":91,"column":0},"end":{"line":91,"column":58}},"91":{"start":{"line":92,"column":0},"end":{"line":92,"column":13}},"92":{"start":{"line":93,"column":0},"end":{"line":93,"column":30}},"93":{"start":{"line":94,"column":0},"end":{"line":94,"column":55}},"94":{"start":{"line":95,"column":0},"end":{"line":95,"column":8}},"95":{"start":{"line":96,"column":0},"end":{"line":96,"column":6}},"96":{"start":{"line":97,"column":0},"end":{"line":97,"column":34}},"97":{"start":{"line":98,"column":0},"end":{"line":98,"column":74}},"98":{"start":{"line":99,"column":0},"end":{"line":99,"column":33}},"99":{"start":{"line":100,"column":0},"end":{"line":100,"column":5}},"100":{"start":{"line":101,"column":0},"end":{"line":101,"column":3}},"103":{"start":{"line":104,"column":0},"end":{"line":104,"column":40}},"104":{"start":{"line":105,"column":0},"end":{"line":105,"column":88}},"105":{"start":{"line":106,"column":0},"end":{"line":106,"column":3}},"108":{"start":{"line":109,"column":0},"end":{"line":109,"column":63}},"109":{"start":{"line":110,"column":0},"end":{"line":110,"column":92}},"112":{"start":{"line":113,"column":0},"end":{"line":113,"column":32}},"113":{"start":{"line":114,"column":0},"end":{"line":114,"column":31}},"114":{"start":{"line":115,"column":0},"end":{"line":115,"column":11}},"115":{"start":{"line":116,"column":0},"end":{"line":116,"column":28}},"116":{"start":{"line":117,"column":0},"end":{"line":117,"column":31}},"117":{"start":{"line":118,"column":0},"end":{"line":118,"column":6}},"118":{"start":{"line":119,"column":0},"end":{"line":119,"column":4}},"121":{"start":{"line":122,"column":0},"end":{"line":122,"column":32}},"122":{"start":{"line":123,"column":0},"end":{"line":123,"column":11}},"123":{"start":{"line":124,"column":0},"end":{"line":124,"column":34}},"124":{"start":{"line":125,"column":0},"end":{"line":125,"column":30}},"125":{"start":{"line":126,"column":0},"end":{"line":126,"column":25}},"126":{"start":{"line":127,"column":0},"end":{"line":127,"column":52}},"127":{"start":{"line":128,"column":0},"end":{"line":128,"column":38}},"128":{"start":{"line":129,"column":0},"end":{"line":129,"column":56}},"129":{"start":{"line":130,"column":0},"end":{"line":130,"column":56}},"130":{"start":{"line":131,"column":0},"end":{"line":131,"column":27}},"131":{"start":{"line":132,"column":0},"end":{"line":132,"column":30}},"132":{"start":{"line":133,"column":0},"end":{"line":133,"column":44}},"133":{"start":{"line":134,"column":0},"end":{"line":134,"column":6}},"134":{"start":{"line":135,"column":0},"end":{"line":135,"column":4}},"136":{"start":{"line":137,"column":0},"end":{"line":137,"column":10}},"137":{"start":{"line":138,"column":0},"end":{"line":138,"column":24}},"138":{"start":{"line":139,"column":0},"end":{"line":139,"column":26}},"139":{"start":{"line":140,"column":0},"end":{"line":140,"column":28}},"140":{"start":{"line":141,"column":0},"end":{"line":141,"column":28}},"141":{"start":{"line":142,"column":0},"end":{"line":142,"column":32}},"142":{"start":{"line":143,"column":0},"end":{"line":143,"column":3}},"143":{"start":{"line":144,"column":0},"end":{"line":144,"column":1}},"147":{"start":{"line":148,"column":0},"end":{"line":148,"column":77}},"148":{"start":{"line":149,"column":0},"end":{"line":149,"column":53}},"149":{"start":{"line":150,"column":0},"end":{"line":150,"column":36}},"150":{"start":{"line":151,"column":0},"end":{"line":151,"column":42}},"151":{"start":{"line":152,"column":0},"end":{"line":152,"column":66}},"152":{"start":{"line":153,"column":0},"end":{"line":153,"column":4}},"153":{"start":{"line":154,"column":0},"end":{"line":154,"column":1}},"155":{"start":{"line":156,"column":0},"end":{"line":156,"column":76}},"156":{"start":{"line":157,"column":0},"end":{"line":157,"column":36}},"157":{"start":{"line":158,"column":0},"end":{"line":158,"column":39}},"158":{"start":{"line":159,"column":0},"end":{"line":159,"column":73}},"159":{"start":{"line":160,"column":0},"end":{"line":160,"column":4}},"160":{"start":{"line":161,"column":0},"end":{"line":161,"column":1}},"164":{"start":{"line":165,"column":0},"end":{"line":165,"column":82}},"165":{"start":{"line":166,"column":0},"end":{"line":166,"column":49}},"166":{"start":{"line":167,"column":0},"end":{"line":167,"column":70}},"167":{"start":{"line":168,"column":0},"end":{"line":168,"column":34}},"168":{"start":{"line":169,"column":0},"end":{"line":169,"column":4}},"169":{"start":{"line":170,"column":0},"end":{"line":170,"column":29}},"170":{"start":{"line":171,"column":0},"end":{"line":171,"column":18}},"171":{"start":{"line":172,"column":0},"end":{"line":172,"column":21}},"172":{"start":{"line":173,"column":0},"end":{"line":173,"column":25}},"173":{"start":{"line":174,"column":0},"end":{"line":174,"column":43}},"174":{"start":{"line":175,"column":0},"end":{"line":175,"column":29}},"175":{"start":{"line":176,"column":0},"end":{"line":176,"column":27}},"176":{"start":{"line":177,"column":0},"end":{"line":177,"column":27}},"177":{"start":{"line":178,"column":0},"end":{"line":178,"column":25}},"178":{"start":{"line":179,"column":0},"end":{"line":179,"column":27}},"179":{"start":{"line":180,"column":0},"end":{"line":180,"column":5}},"180":{"start":{"line":181,"column":0},"end":{"line":181,"column":1}}},"s":{"0":0,"31":0,"38":0,"39":0,"40":0,"42":0,"43":0,"44":0,"45":0,"46":0,"47":0,"48":0,"49":0,"50":0,"51":0,"52":0,"53":0,"54":0,"56":0,"57":0,"61":0,"62":0,"63":0,"73":0,"74":0,"77":0,"78":0,"79":0,"81":0,"82":0,"83":0,"86":0,"89":0,"90":0,"91":0,"92":0,"93":0,"94":0,"95":0,"96":0,"97":0,"98":0,"99":0,"100":0,"103":0,"104":0,"105":0,"108":0,"109":0,"112":0,"113":0,"114":0,"115":0,"116":0,"117":0,"118":0,"121":0,"122":0,"123":0,"124":0,"125":0,"126":0,"127":0,"128":0,"129":0,"130":0,"131":0,"132":0,"133":0,"134":0,"136":0,"137":0,"138":0,"139":0,"140":0,"141":0,"142":0,"143":0,"147":0,"148":0,"149":0,"150":0,"151":0,"152":0,"153":0,"155":0,"156":0,"157":0,"158":0,"159":0,"160":0,"164":0,"165":0,"166":0,"167":0,"168":0,"169":0,"170":0,"171":0,"172":0,"173":0,"174":0,"175":0,"176":0,"177":0,"178":0,"179":0,"180":0},"branchMap":{"0":{"type":"branch","line":1,"loc":{"start":{"line":1,"column":5165},"end":{"line":181,"column":1}},"locations":[{"start":{"line":1,"column":5165},"end":{"line":181,"column":1}}]}},"b":{"0":[0]},"fnMap":{"0":{"name":"(empty-report)","decl":{"start":{"line":1,"column":5165},"end":{"line":181,"column":1}},"loc":{"start":{"line":1,"column":5165},"end":{"line":181,"column":1}},"line":1}},"f":{"0":0}}
,"/home/z/my-project/apps/backend/src/core/context/request-context.ts": {"path":"/home/z/my-project/apps/backend/src/core/context/request-context.ts","all":false,"statementMap":{"0":{"start":{"line":1,"column":0},"end":{"line":1,"column":3}},"57":{"start":{"line":58,"column":0},"end":{"line":58,"column":65}},"65":{"start":{"line":66,"column":0},"end":{"line":66,"column":88}},"66":{"start":{"line":67,"column":0},"end":{"line":67,"column":39}},"67":{"start":{"line":68,"column":0},"end":{"line":68,"column":1}},"72":{"start":{"line":73,"column":0},"end":{"line":73,"column":60}},"73":{"start":{"line":74,"column":0},"end":{"line":74,"column":45}},"74":{"start":{"line":75,"column":0},"end":{"line":75,"column":1}},"80":{"start":{"line":81,"column":0},"end":{"line":81,"column":57}},"81":{"start":{"line":82,"column":0},"end":{"line":82,"column":42}},"82":{"start":{"line":83,"column":0},"end":{"line":83,"column":13}},"83":{"start":{"line":84,"column":0},"end":{"line":84,"column":89}},"84":{"start":{"line":85,"column":0},"end":{"line":85,"column":3}},"85":{"start":{"line":86,"column":0},"end":{"line":86,"column":12}},"86":{"start":{"line":87,"column":0},"end":{"line":87,"column":1}},"93":{"start":{"line":94,"column":0},"end":{"line":94,"column":71}},"94":{"start":{"line":95,"column":0},"end":{"line":95,"column":46}},"95":{"start":{"line":96,"column":0},"end":{"line":96,"column":16}},"96":{"start":{"line":97,"column":0},"end":{"line":97,"column":35}},"97":{"start":{"line":98,"column":0},"end":{"line":98,"column":3}},"98":{"start":{"line":99,"column":0},"end":{"line":99,"column":1}},"105":{"start":{"line":106,"column":0},"end":{"line":106,"column":46}},"111":{"start":{"line":112,"column":0},"end":{"line":112,"column":20}},"112":{"start":{"line":113,"column":0},"end":{"line":113,"column":10}},"113":{"start":{"line":114,"column":0},"end":{"line":114,"column":56}},"114":{"start":{"line":115,"column":0},"end":{"line":115,"column":17}},"115":{"start":{"line":116,"column":0},"end":{"line":116,"column":20}},"116":{"start":{"line":117,"column":0},"end":{"line":117,"column":19}},"117":{"start":{"line":118,"column":0},"end":{"line":118,"column":14}},"118":{"start":{"line":119,"column":0},"end":{"line":119,"column":20}},"119":{"start":{"line":120,"column":0},"end":{"line":120,"column":26}},"120":{"start":{"line":121,"column":0},"end":{"line":121,"column":40}},"121":{"start":{"line":122,"column":0},"end":{"line":122,"column":26}},"122":{"start":{"line":123,"column":0},"end":{"line":123,"column":22}},"123":{"start":{"line":124,"column":0},"end":{"line":124,"column":26}},"124":{"start":{"line":125,"column":0},"end":{"line":125,"column":3}},"125":{"start":{"line":126,"column":0},"end":{"line":126,"column":1}},"132":{"start":{"line":133,"column":0},"end":{"line":133,"column":37}},"133":{"start":{"line":134,"column":0},"end":{"line":134,"column":37}},"134":{"start":{"line":135,"column":0},"end":{"line":135,"column":22}},"135":{"start":{"line":136,"column":0},"end":{"line":136,"column":15}},"136":{"start":{"line":137,"column":0},"end":{"line":137,"column":31}},"137":{"start":{"line":138,"column":0},"end":{"line":138,"column":41}},"138":{"start":{"line":139,"column":0},"end":{"line":139,"column":17}},"139":{"start":{"line":140,"column":0},"end":{"line":140,"column":20}},"140":{"start":{"line":141,"column":0},"end":{"line":141,"column":19}},"141":{"start":{"line":142,"column":0},"end":{"line":142,"column":14}},"142":{"start":{"line":143,"column":0},"end":{"line":143,"column":20}},"143":{"start":{"line":144,"column":0},"end":{"line":144,"column":20}},"144":{"start":{"line":145,"column":0},"end":{"line":145,"column":28}},"145":{"start":{"line":146,"column":0},"end":{"line":146,"column":18}},"146":{"start":{"line":147,"column":0},"end":{"line":147,"column":18}},"147":{"start":{"line":148,"column":0},"end":{"line":148,"column":26}},"148":{"start":{"line":149,"column":0},"end":{"line":149,"column":17}},"149":{"start":{"line":150,"column":0},"end":{"line":150,"column":3}},"150":{"start":{"line":151,"column":0},"end":{"line":151,"column":39}},"151":{"start":{"line":152,"column":0},"end":{"line":152,"column":1}}},"s":{"0":1,"57":1,"65":1,"66":1,"67":1,"72":1,"73":10,"74":10,"80":1,"81":2,"82":2,"83":1,"84":1,"85":1,"86":1,"93":1,"94":1,"95":1,"96":1,"97":1,"98":1,"105":1,"111":3,"112":3,"113":3,"114":3,"115":3,"116":3,"117":3,"118":3,"119":3,"120":3,"121":3,"122":3,"123":3,"124":3,"125":3,"132":1,"133":3,"134":3,"135":3,"136":3,"137":3,"138":3,"139":3,"140":3,"141":3,"142":3,"143":3,"144":3,"145":3,"146":3,"147":3,"148":3,"149":3,"150":3,"151":3},"branchMap":{"0":{"type":"branch","line":66,"loc":{"start":{"line":66,"column":7},"end":{"line":68,"column":1}},"locations":[{"start":{"line":66,"column":7},"end":{"line":68,"column":1}}]},"1":{"type":"branch","line":73,"loc":{"start":{"line":73,"column":7},"end":{"line":75,"column":1}},"locations":[{"start":{"line":73,"column":7},"end":{"line":75,"column":1}}]},"2":{"type":"branch","line":74,"loc":{"start":{"line":74,"column":36},"end":{"line":74,"column":45}},"locations":[{"start":{"line":74,"column":36},"end":{"line":74,"column":45}}]},"3":{"type":"branch","line":81,"loc":{"start":{"line":81,"column":7},"end":{"line":87,"column":1}},"locations":[{"start":{"line":81,"column":7},"end":{"line":87,"column":1}}]},"4":{"type":"branch","line":83,"loc":{"start":{"line":83,"column":12},"end":{"line":87,"column":1}},"locations":[{"start":{"line":83,"column":12},"end":{"line":87,"column":1}}]},"5":{"type":"branch","line":94,"loc":{"start":{"line":94,"column":7},"end":{"line":99,"column":1}},"locations":[{"start":{"line":94,"column":7},"end":{"line":99,"column":1}}]},"6":{"type":"branch","line":106,"loc":{"start":{"line":106,"column":7},"end":{"line":126,"column":1}},"locations":[{"start":{"line":106,"column":7},"end":{"line":126,"column":1}}]},"7":{"type":"branch","line":114,"loc":{"start":{"line":114,"column":26},"end":{"line":114,"column":56}},"locations":[{"start":{"line":114,"column":26},"end":{"line":114,"column":56}}]},"8":{"type":"branch","line":120,"loc":{"start":{"line":120,"column":15},"end":{"line":120,"column":26}},"locations":[{"start":{"line":120,"column":15},"end":{"line":120,"column":26}}]},"9":{"type":"branch","line":121,"loc":{"start":{"line":121,"column"
[...]
22}}]},"6":{"type":"branch","line":34,"loc":{"start":{"line":34,"column":2},"end":{"line":36,"column":3}},"locations":[{"start":{"line":34,"column":2},"end":{"line":36,"column":3}}]},"7":{"type":"branch","line":38,"loc":{"start":{"line":38,"column":2},"end":{"line":40,"column":3}},"locations":[{"start":{"line":38,"column":2},"end":{"line":40,"column":3}}]},"8":{"type":"branch","line":47,"loc":{"start":{"line":47,"column":7},"end":{"line":58,"column":1}},"locations":[{"start":{"line":47,"column":7},"end":{"line":58,"column":1}}]},"9":{"type":"branch","line":49,"loc":{"start":{"line":49,"column":22},"end":{"line":51,"column":3}},"locations":[{"start":{"line":49,"column":22},"end":{"line":51,"column":3}}]},"10":{"type":"branch","line":51,"loc":{"start":{"line":51,"column":2},"end":{"line":58,"column":1}},"locations":[{"start":{"line":51,"column":2},"end":{"line":58,"column":1}}]},"11":{"type":"branch","line":52,"loc":{"start":{"line":52,"column":60},"end":{"line":56,"column":4}},"locations":[{"start":{"line":52,"column":60},"end":{"line":56,"column":4}}]},"12":{"type":"branch","line":53,"loc":{"start":{"line":53,"column":30},"end":{"line":53,"column":44}},"locations":[{"start":{"line":53,"column":30},"end":{"line":53,"column":44}}]}},"b":{"0":[1],"1":[3],"2":[1],"3":[2],"4":[2],"5":[1],"6":[1],"7":[2],"8":[3],"9":[1],"10":[2],"11":[3],"12":[0]},"fnMap":{"0":{"name":"<instance_members_initializer>","decl":{"start":{"line":19,"column":19},"end":{"line":19,"column":57}},"loc":{"start":{"line":19,"column":19},"end":{"line":19,"column":57}},"line":19},"1":{"name":"register","decl":{"start":{"line":21,"column":2},"end":{"line":26,"column":3}},"loc":{"start":{"line":21,"column":2},"end":{"line":26,"column":3}},"line":21},"2":{"name":"get","decl":{"start":{"line":28,"column":2},"end":{"line":32,"column":3}},"loc":{"start":{"line":28,"column":2},"end":{"line":32,"column":3}},"line":28},"3":{"name":"list","decl":{"start":{"line":34,"column":2},"end":{"line":36,"column":3}},"loc":{"start":{"line":34,"column":2},"end":{"line":36,"column":3}},"line":34},"4":{"name":"has","decl":{"start":{"line":38,"column":2},"end":{"line":40,"column":3}},"loc":{"start":{"line":38,"column":2},"end":{"line":40,"column":3}},"line":38},"5":{"name":"validate","decl":{"start":{"line":47,"column":7},"end":{"line":58,"column":1}},"loc":{"start":{"line":47,"column":7},"end":{"line":58,"column":1}},"line":47},"6":{"name":"validateAsync","decl":{"start":{"line":60,"column":7},"end":{"line":62,"column":1}},"loc":{"start":{"line":60,"column":7},"end":{"line":62,"column":1}},"line":60},"7":{"name":"enum","decl":{"start":{"line":91,"column":8},"end":{"line":91,"column":103}},"loc":{"start":{"line":91,"column":8},"end":{"line":91,"column":103}},"line":91},"8":{"name":"status","decl":{"start":{"line":92,"column":10},"end":{"line":92,"column":105}},"loc":{"start":{"line":92,"column":10},"end":{"line":92,"column":105}},"line":92}},"f":{"0":1,"1":3,"2":2,"3":1,"4":2,"5":3,"6":0,"7":0,"8":0}}
,"/home/z/my-project/apps/backend/src/core/workflow/state-machine.ts": {"path":"/home/z/my-project/apps/backend/src/core/workflow/state-machine.ts","all":false,"statementMap":{"0":{"start":{"line":1,"column":0},"end":{"line":1,"column":3}},"50":{"start":{"line":51,"column":0},"end":{"line":51,"column":82}},"51":{"start":{"line":52,"column":0},"end":{"line":52,"column":81}},"53":{"start":{"line":54,"column":0},"end":{"line":54,"column":29}},"54":{"start":{"line":55,"column":0},"end":{"line":55,"column":3}},"56":{"start":{"line":57,"column":0},"end":{"line":57,"column":38}},"57":{"start":{"line":58,"column":0},"end":{"line":58,"column":65}},"58":{"start":{"line":59,"column":0},"end":{"line":59,"column":41}},"59":{"start":{"line":60,"column":0},"end":{"line":60,"column":110}},"60":{"start":{"line":61,"column":0},"end":{"line":61,"column":5}},"61":{"start":{"line":62,"column":0},"end":{"line":62,"column":34}},"62":{"start":{"line":63,"column":0},"end":{"line":63,"column":37}},"63":{"start":{"line":64,"column":0},"end":{"line":64,"column":109}},"64":{"start":{"line":65,"column":0},"end":{"line":65,"column":7}},"65":{"start":{"line":66,"column":0},"end":{"line":66,"column":35}},"66":{"start":{"line":67,"column":0},"end":{"line":67,"column":105}},"67":{"start":{"line":68,"column":0},"end":{"line":68,"column":7}},"68":{"start":{"line":69,"column":0},"end":{"line":69,"column":5}},"69":{"start":{"line":70,"column":0},"end":{"line":70,"column":3}},"74":{"start":{"line":75,"column":0},"end":{"line":75,"column":22}},"75":{"start":{"line":76,"column":0},"end":{"line":76,"column":20}},"76":{"start":{"line":77,"column":0},"end":{"line":77,"column":19}},"77":{"start":{"line":78,"column":0},"end":{"line":78,"column":24}},"78":{"start":{"line":79,"column":0},"end":{"line":79,"column":53}},"79":{"start":{"line":80,"column":0},"end":{"line":80,"column":75}},"80":{"start":{"line":81,"column":0},"end":{"line":81,"column":22}},"81":{"start":{"line":82,"column":0},"end":{"line":82,"column":14}},"82":{"start":{"line":83,"column":0},"end":{"line":83,"column":23}},"83":{"start":{"line":84,"column":0},"end":{"line":84,"column":71}},"84":{"start":{"line":85,"column":0},"end":{"line":85,"column":7}},"85":{"start":{"line":86,"column":0},"end":{"line":86,"column":5}},"87":{"start":{"line":88,"column":0},"end":{"line":88,"column":27}},"88":{"start":{"line":89,"column":0},"end":{"line":89,"column":61}},"89":{"start":{"line":90,"column":0},"end":{"line":90,"column":45}},"90":{"start":{"line":91,"column":0},"end":{"line":91,"column":91}},"91":{"start":{"line":92,"column":0},"end":{"line":92,"column":7}},"92":{"start":{"line":93,"column":0},"end":{"line":93,"column":24}},"93":{"start":{"line":94,"column":0},"end":{"line":94,"column":5}},"95":{"start":{"line":96,"column":0},"end":{"line":96,"column":28}},"96":{"start":{"line":97,"column":0},"end":{"line":97,"column":3}},"102":{"start":{"line":103,"column":0},"end":{"line":103,"column":19}},"103":{"start":{"line":104,"column":0},"end":{"line":104,"column":20}},"104":{"start":{"line":105,"column":0},"end":{"line":105,"column":19}},"105":{"start":{"line":106,"column":0},"end":{"line":106,"column":24}},"106":{"start":{"line":107,"column":0},"end":{"line":107,"column":23}},"108":{"start":{"line":109,"column":0},"end":{"line":109,"column":63}},"109":{"start":{"line":110,"column":0},"end":{"line":110,"column":25}},"110":{"start":{"line":111,"column":0},"end":{"line":111,"column":22}},"111":{"start":{"line":112,"column":0},"end":{"line":112,"column":73}},"112":{"start":{"line":113,"column":0},"end":{"line":113,"column":7}},"113":{"start":{"line":114,"column":0},"end":{"line":114,"column":5}},"115":{"start":{"line":116,"column":0},"end":{"line":116,"column":76}},"118":{"start":{"line":119,"column":0},"end":{"line":119,"column":30}},"119":{"start":{"line":120,"column":0},"end":{"line":120,"column":44}},"120":{"start":{"line":121,"column":0},"end":{"line":121,"column":5}},"123":{"start":{"line":124,"column":0},"end":{"line":124,"column":30}},"124":{"start":{"line":125,"column":0},"end":{"line":125,"column":16}},"125":{"start":{"line":126,"column":0},"end":{"line":126,"column":21}},"126":{"start":{"line":127,"column":0},"end":{"line":127,"column":34}},"127":{"start":{"line":128,"column":0},"end":{"line":128,"column":5}},"130":{"start":{"line":131,"column":0},"end":{"line":131,"column":29}},"131":{"start":{"line":132,"column":0},"end":{"line":132,"column":52}},"132":{"start":{"line":133,"column":0},"end":{"line":133,"column":5}},"134":{"start":{"line":135,"column":0},"end":{"line":135,"column":50}},"135":{"start":{"line":136,"column":0},"end":{"line":136,"column":37}},"136":{"start":{"line":137,"column":0},"end":{"line":137,"column":26}},"137":{"start":{"line":138,"column":0},"end":{"line":138,"column":26}},"138":{"start":{"line":139,"column":0},"end":{"line":139,"column":17}},"139":{"start":{"line":140,"column":0},"end":{"line":140,"column":25}},"140":{"start":{"line":141,"column":0},"end":{"line":141,"column":6}},"142":{"start":{"line":143,"column":0},"end":{"line":143,"column":18}},"143":{"start":{"line":144,"column":0},"end":{"line":144,"column":3}},"148":{"start":{"line":149,"column":0},"end":{"line":149,"column":75}},"149":{"start":{"line":150,"column":0},"end":{"line":150,"column":78}},"150":{"start":{"line":151,"column":0},"end":{"line":151,"column":3}},"155":{"start":{"line":156,"column":0},"end":{"line":156,"column":55}},"156":{"start":{"line":157,"column":0},"end":{"line":157,"column":64}},"157":{"start":{"line":158,"column":0},"end":{"line":158,"column":3}},"161":{"start":{"line":162,"column":0},"end":{"line":162,"column":25}},"162":{"start":{"line":163,"column":0},"end":{"line":163,"column":17}},"163":{"start":{"line":164,"column":0},"end":{"line":164,"column":14}},"164":{"start":{"line":165,"column":0},"end":{"line":165,"column":46}},"165":{"start":{"line":166,"column":0},"end":{"line":166,"column":82}},"166":{"start":{"line":167,"column":0},"end":{"line":167,"column":3}},"167":{"start":{"line":168,"column":0},"end":{"line":168,"column":1}},"171":{"start":{"line":172,"column":0},"end":{"line":172,"column":29}},"172":{"start":{"line":173,"column":0},"end":{"line":173,"column":86}},"174":{"start":{"line":175,"column":0},"end":{"line":175,"column":66}},"175":{"start":{"line":176,"column":0},"end":{"line":176,"column":51}},"176":{"start":{"line":177,"column":0},"end":{"line":177,"column":36}},"177":{"start":{"line":178,"column":0},"end":{"line":178,"column":46}},"178":{"start":{"line":179,"column":0},"end":{"line":179,"column":76}},"179":{"start":{"line":180,"column":0},"end":{"line":180,"column":5}},"180":{"start":{"line":181,"column":0},"end":{"line":181,"column":48}},"181":{"start":{"line":182,"column":0},"end":{"line":182,"column":99}},"182":{"start":{"line":183,"column":0},"end":{"line":183,"column":18}},"183":{"start":{"line":184,"column":0},"end":{"line":184,"column":3}},"185":{"start":{"line":186,"column":0},"end":{"line":186,"column":61}},"186":{"start":{"line":187,"column":0},"end":{"line":187,"column":16}},"187":{"start":{"line":188,"column":0},"end":{"line":188,"column":36}},"188":{"start":{"line":189,"column":0},"end":{"line":189,"column":44}},"189":{"start":{"line":190,"column":0},"end":{"line":190,"column":65}},"190":{"start":{"line":191,"column":0},"end":{"line":191,"column":62}},"191":{"start":{"line":192,"column":0},"end":{"line":192,"column":3}},"193":{"start":{"line":194,"column":0},"end":{"line":194,"column":20}},"194":{"start":{"line":195,"column":0},"end":{"line":195,"column":51}},"195":{"start":{"line":196,"column":0},"end":{"line":196,"column":3}},"196":{"start":{"line":197,"column":0},"end":{"line":197,"column":1}},"198":{"start":{"line":199,"column":0},"end":{"line":199,"column":59}}},"s":{"0":1,"50":1,"51":1,"53":10,"54":10,"56":1,"57":10,"58":10,"59":1,"60":1,"61":10,"62":45,"63":0,"64":0,"65":45,"66":0,"67":0,"68":45,"69":10,"74":1,"75":6,"76":6,"77":6,"78":6,"79":6,"80":6,"81":2,"82":2,"83":2,"84":2,"85":2,"87":6,"88":2,"89":2,"90":2,"91":2,"92":0,"93":0,"95":2,"96":6,"102":1,"103":2,"104":2,"105":2,"106":2,"108":2,"109":2,"110":1,"111":1,"112":1,"113":1,"115":1,"118":2,"119":0,"120":0,"123":1,"124":1,"125":1,"126":1,"127":1,"130":1,"131":1,"132":1,"134":1,"135":1,"136":1,"137":1,"138":1,"139":1,"140":1,"142":1,"143":2,"148":1,"149":1,"150":1,"155":1,"156":1,"157":1,"161":1,"162":7,"163":7,"164":7,"165":7,"166":7,"167":1,"171":1,"172":1,"174":1,"175":2,"176":2,"177":2,"178":1,"179":1,"180":1,"181":1,"182":1,"183":2,"185":1,"186":2,"187":2,"188":2,"189":2,"190":1,"191":2,"193":1,"194":1,"195":1,"196":1,"198":1},"branchMap":{"0":{"type":"branch","line":52,"loc":{"start":{"line":52,"column":2},"end":{"line":55,"column":3}},"locations":[{"start":{"line":52,"column":2},"end":{"line":55,"column":3}}]},"1":{"type":"branch","line":57,"loc":{"start":{"line":57,"column":10},"end":{"line":70,"column":3}},"locations":[{"start":{"line":57,"column":10},"end":{"line":70,"column":3}}]},"2":{"type":"branch","line":59,"loc":{"start":{"line":59,"column":40},"end":{"line":61,"column":5}},"locations":[{"start":{"line":59,"column":40},"end":{"line":61,"column":5}}]},"3":{"type":"branch","line":61,"loc":{"start":{"line":61,"column":4},"end":{"line":62,"column":33}},"locations":[{"start":{"line":61,"column":4},"end":{"line":62,"column":33}}]},"4":{"type":"branch","line":62,"loc":{"start":{"line":62,"column":33},"end":{"line":69,"column":5}},"locations":[{"start":{"line":62,"column":33},"end":{"line":69,"column":5}}]},"5":{"type":"branch","line":63,"loc":{"start":{"line":63,"column":36},"end":{"line":65,"column":7}},"locations":[{"start":{"line":63,"column":36},"end":{"line":65,"column":7}}]},"6":{"type":"branch","line":66,"loc":{"start":{"line":66,"column":34},"end":{"line":68,"column":7}},"locations":[{"start":{"line":66,"column":34},"end":{"line":68,"column":7}}]},"7":{"type":"branch","line":69,"loc":{"start":{"line":69,"column":4},"end":{"line":69,"column":5}},"locations":[{"start":{"line":69,"column":4},"end":{"line":69,"column":5}}]},"8":{"type":"branch","line":75,"loc":{"start":{"line":75,"column":2},"end":{"line":97,"column":3}},"locations":[{"start":{"line":75,"column":2},"end":{"line":97,"column":3}}]},"9":{"type":"branch","line":81,"loc":{"start":{"line":81,"column":21},"end":{"line":86,"column":5}},"locations":[{"start":{"line":81,"column":21},"end":{"line":86,"column":5}}]},"10":{"type":"branch","line":86,"loc":{"start":{"line":86,"column":4},"end":{"line":88,"column":26}},"locations":[{"start":{"line":86,"column":4},"end":{"line":88,"column":26}}]},"11":{"type":"branch","line":88,"loc":{"start":{"line":88,"column":26},"end":{"line":96,"column":28}},"locations":[{"start":{"line":88,"column":26},"end":{"line":96,"column":28}}]},"12":{"type":"branch","line":91,"loc":{"start":{"line":91,"column":47},"end":{"line":91,"column":73}},"locations":[{"start":{"line":91,"column":47},"end":{"line":91,"column":73}}]},"13":{"type":"branch","line":91,"loc":{"start":{"line":91,"column":61},"end":{"line":91,"column":90}},"locations":[{"start":{"line":91,"column":61},"end":{"line":91,"column":90}}]},"14":{"type":"branch","line":92,"loc":{"start":{"line":92,"column":6},"end":{"line":94,"column":5}},"locations":[{"start":{"line":92,"column":6},"end":{"line":94,"column":5}}]},"15":{"type":"branch","line":103,"loc":{"start":{"line":103,"column":2},"end":{"line":144,"column":3}},"locations":[{"start":{"line":103,"column":2},"end":{"line":144,"column":3}}]},"16":{"type":"branch","line":110,"loc":{"start":{"line":110,"column":24},"end":{"line":119,"column":29}},"locations":[{"start":{"line":110,"column":24},"end":{"line":119,"column":29}}]},"17":{"type":"branch","line":112,"loc":{"start":{"line":112,"column":45},"end":{"line":112,"column":71}},"locations":[{"start":{"line":112,"column":45},"end":{"line":112,"column":71}}]},"18":{"type":"branch","line":119,"loc":{"start":{"line":119,"column":29},"end":{"line":121,"column":5}},"locations":[{"start":{"line":119,"column":29},"end":{"line":121,"column":5}}]},"19":{"type":"branch","line":121,"loc":{"start":{"line":121,"column":4},"end":{"line":143,"column":18}},"locations":[{"start":{"line":121,"column":4},"end":{"line":143,"column":18}}]},"20":{"type":"branch","line":149,"loc":{"start":{"line":149,"column":2},"end":{"line":151,"column":3}},"locations":[{"start":{"line":149,"column":2},"end":{"line":151,"column":3}}]},"21":{"type":"branch","line":150,"loc":{"start":{"line":150,"column":46},"end":{"line":150,"column":77}},"locations":[{"start":{"line":150,"column":46},"end":{"line":150,"column":77}}]},"22":{"type":"branch","line":156,"loc":{"start":{"line":156,"column":2},"end":{"line":158,"column":3}},"locations":[{"start":{"line":156,"column":2},"end":{"line":158,"column":3}}]},"23":{"type":"branch","line":157,"loc":{"start":{"line":157,"column":52},"end":{"line":157,"column":63}},"locations":[{"start":{"line":157,"column":52},"end":{"line":157,"column":63}}]},"24":{"type":"branch","line":162,"loc":{"start":{"line":162,"column":10},"end":{"line":167,"column":3}},"locations":[{"start":{"line":162,"column":10},"end":{"line":167,"column":3}}]},"25":{"type":"branch","line":166,"loc":{"start":{"line":166,"column":44},"end":{"line":166,"column":81}},"locations":[{"start":{"line":166,"column":44},"end":{"line":166,"column":81}}]},"26":{"type":"branch","line":166,"loc":{"start":{"line":166,"column":62},"end":{"line":166,"column":81}},"locations":[{"start":{"line":166,"column":62},"end":{"line":166,"column":81}}]},"27":{"type":"branch","line":173,"loc":{"start":{"line":173,"column":19},"end":{"line":173,"column":86}},"locations":[{"start":{"line":173,"column":19},"end":{"line":173,"column":86}}]},"28":{"type":"branch","line":175,"loc":{"start":{"line":175,"column":2},"end":{"line":184,"column":3}},"locations":[{"start":{"line":175,"column":2},"end":{"line":184,"column":3}}]},"29":{"type":"branch","line":178,"loc":{"start":{"line":178,"column":45},"end":{"line":183,"column":18}},"locations":[{"start":{"line":178,"column":45},"end":{"line":183,"column":18}}]},"30":{"type":"branch","line":186,"loc":{"start":{"line":186,"column":2},"end":{"line":192,"column":3}},"locations":[{"start":{"line":186,"column":2},"end":{"line":192,"column":3}}]},"31":{"type":"branch","line":190,"loc":{"start":{"line":190,"column":18},"end":{"line":191,"column":62}},"locations":[{"start":{"line":190,"column":18},"end":{"line":191,"column":62}}]},"32":{"type":"branch","line":194,"loc":{"start":{"line":194,"column":2},"end":{"line":196,"column":3}},"locations":[{"start":{"line":194,"column":2},"end":{"line":196,"column":3}}]}},"b":{"0":[10],"1":[10],"2":[1],"3":[9],"4":[45],"5":[0],"6":[0],"7":[9],"8":[6],"9":[2],"10":[4],"11":[2],"12":[1],"13":[1],"14":[0],"15":[2],"16":[1],"17":[0],"18":[0],"19":[1],"20":[1],"21":[5],"22":[1],"23":[2],"24":[7],"25":[17],"26":[9],"27":[1],"28":[2],"29":[1],"30":[2],"31":[1],"32":[1]},"fnMap":{"0":{"name":"StateMachine","decl":{"start":{"line":52,"column":2},"end":{"line":55,"column":3}},"loc":{"start":{"line":52,"column":2},"end":{"line":55,"column":3}},"line":52},"1":{"name":"validateDefinition","decl":{"start":{"line":57,"column":10},"end":{"line":70,"column":3}},"loc":{"start":{"line":57,"column":10},"end":{"line":70,"column":3}},"line":57},"2":{"name":"canTransition","decl":{"start":{"line":75,"column":2},"end":{"line":97,"column":3}},"loc":{"start":{"line":75,"column":2},"end":{"line":97,"column":3}},"line":75},"3":{"name":"transition","decl":{"start":{"line":103,"column":2},"end":{"line":144,"column":3}},"loc":{"start":{"line":103,"column":2},"end":{"line":144,"column":3}},"line":103},"4":{"name":"getAvailableTransitions","decl":{"start":{"line":149,"column":2},"end":{"line":151,"column":3}},"loc":{"start":{"line":149,"column":2},"end":{"line":151,"column":3}},"line":149},"5":{"name":"getAvailableTargetStates","decl":{"start":{"line":156,"column":2},"end":{"line":158,"column":3}},"loc":{"start":{"line":156,"column":2},"end":{"line":158,"column":3}},"line":156},"6":{"name":"findTransition","decl":{"start":{"line":162,"column":10},"end":{"line":167,"column":3}},"loc":{"start":{"line":162,"column":10},"end":{"line":167,"column":3}},"line":162},"7":{"name":"<instance_members_initializer>","decl":{"start":{"line":173,"column":19},"end":{"line":173,"column":86}},"loc":{"start":{"line":173,"column":19},"end":{"line":173,"column":86}},"line":173},"8":{"name":"register","decl":{"start":{"line":175,"column":2},"end":{"line":184,"column":3}},"loc":{"start":{"line":175,"column":2},"end":{"line":184,"column":3}},"line":175},"9":{"name":"get","decl":{"start":{"line":186,"column":2},"end":{"line":192,"column":3}},"loc":{"start":{"line":186,"column":2},"end":{"line":192,"column":3}},"line":186},"10":{"name":"list","decl":{"start":{"line":194,"column":2},"end":{"line":196,"column":3}},"loc":{"start":{"line":194,"column":2},"end":{"line":196,"column":3}},"line":194}},"f":{"0":10,"1":10,"2":6,"3":2,"4":1,"5":1,"6":7,"7":1,"8":2,"9":2,"10":1}}
}
